{"/Users/erz/test/preceptor-reporter/index.js":{"path":"/Users/erz/test/preceptor-reporter/index.js","s":{"1":1},"b":{},"f":{},"fnMap":{},"statementMap":{"1":{"start":{"line":4,"column":0},"end":{"line":4,"column":42}}},"branchMap":{}},"/Users/erz/test/preceptor-reporter/lib/manager.js":{"path":"/Users/erz/test/preceptor-reporter/lib/manager.js","s":{"1":1,"2":1,"3":1,"4":1,"5":1,"6":1,"7":1,"8":1,"9":1,"10":17,"11":17,"12":17,"13":17,"14":17,"15":17,"16":17,"17":17,"18":17,"19":17,"20":17,"21":17,"22":17,"23":17,"24":17,"25":696,"26":17,"27":17,"28":255,"29":255,"30":17,"31":17,"32":17,"33":51,"34":51,"35":17,"36":777,"37":777,"38":803,"39":801,"40":0,"41":0,"42":24,"43":255,"44":17,"45":255,"46":24,"47":24,"48":0,"49":24,"50":24,"51":24,"52":24,"53":24,"54":24,"55":0,"56":0,"57":0,"58":0,"59":0,"60":0,"61":0,"62":0,"63":0,"64":0,"65":0,"66":0,"67":0,"68":0,"69":0,"70":0,"71":0,"72":0,"73":0,"74":4,"75":0,"76":0,"77":2,"78":51,"79":17,"80":51,"81":2,"82":2,"83":0,"84":2,"85":2,"86":2,"87":2,"88":2,"89":81,"90":2,"91":2,"92":0,"93":0,"94":0,"95":0,"96":0,"97":0,"98":0,"99":0,"100":0,"101":0,"102":0,"103":0,"104":0,"105":0,"106":0,"107":0,"108":0,"109":0,"110":0,"111":777,"112":777,"113":777,"114":0,"115":777,"116":777,"117":777,"118":1094,"119":696,"120":2,"121":2,"122":2,"123":2,"124":0,"125":0,"126":0,"127":0,"128":0,"129":0,"130":0,"131":0,"132":1,"133":1,"134":1,"135":1,"136":3,"137":1,"138":0,"139":1,"140":1},"b":{"1":[17,17],"2":[17,0],"3":[17,0],"4":[17,17],"5":[0,24],"6":[24,15],"7":[24,0],"8":[0,0],"9":[0,0],"10":[0,0],"11":[0,0],"12":[0,0],"13":[0,0],"14":[0,2],"15":[2,2],"16":[2,0],"17":[0,0],"18":[0,0],"19":[0,0],"20":[0,0],"21":[0,0],"22":[0,0],"23":[0,777],"24":[777,0],"25":[0,0],"26":[0,0]},"f":{"1":17,"2":17,"3":696,"4":17,"5":255,"6":17,"7":51,"8":777,"9":777,"10":803,"11":801,"12":0,"13":0,"14":24,"15":255,"16":17,"17":255,"18":24,"19":0,"20":0,"21":0,"22":0,"23":4,"24":0,"25":0,"26":2,"27":51,"28":17,"29":51,"30":2,"31":81,"32":0,"33":0,"34":0,"35":0,"36":777,"37":777,"38":1094,"39":696,"40":2,"41":2,"42":0,"43":0,"44":3,"45":0},"fnMap":{"1":{"name":"(anonymous_1)","line":41,"loc":{"start":{"line":41,"column":1},"end":{"line":41,"column":20}}},"2":{"name":"(anonymous_2)","line":71,"loc":{"start":{"line":71,"column":14},"end":{"line":71,"column":26}}},"3":{"name":"(anonymous_3)","line":75,"loc":{"start":{"line":75,"column":36},"end":{"line":75,"column":77}}},"4":{"name":"(anonymous_4)","line":87,"loc":{"start":{"line":87,"column":31},"end":{"line":87,"column":43}}},"5":{"name":"(anonymous_5)","line":106,"loc":{"start":{"line":106,"column":27},"end":{"line":106,"column":44}}},"6":{"name":"(anonymous_6)","line":120,"loc":{"start":{"line":120,"column":31},"end":{"line":120,"column":43}}},"7":{"name":"(anonymous_7)","line":127,"loc":{"start":{"line":127,"column":27},"end":{"line":127,"column":44}}},"8":{"name":"(anonymous_8)","line":142,"loc":{"start":{"line":142,"column":17},"end":{"line":142,"column":29}}},"9":{"name":"(anonymous_9)","line":153,"loc":{"start":{"line":153,"column":14},"end":{"line":153,"column":26}}},"10":{"name":"(anonymous_10)","line":163,"loc":{"start":{"line":163,"column":16},"end":{"line":163,"column":28}}},"11":{"name":"(anonymous_11)","line":174,"loc":{"start":{"line":174,"column":21},"end":{"line":174,"column":33}}},"12":{"name":"(anonymous_12)","line":184,"loc":{"start":{"line":184,"column":19},"end":{"line":184,"column":31}}},"13":{"name":"(anonymous_13)","line":196,"loc":{"start":{"line":196,"column":15},"end":{"line":196,"column":31}}},"14":{"name":"(anonymous_14)","line":207,"loc":{"start":{"line":207,"column":15},"end":{"line":207,"column":31}}},"15":{"name":"(anonymous_15)","line":218,"loc":{"start":{"line":218,"column":20},"end":{"line":218,"column":43}}},"16":{"name":"(anonymous_16)","line":228,"loc":{"start":{"line":228,"column":25},"end":{"line":228,"column":41}}},"17":{"name":"(anonymous_17)","line":230,"loc":{"start":{"line":230,"column":16},"end":{"line":230,"column":33}}},"18":{"name":"(anonymous_18)","line":244,"loc":{"start":{"line":244,"column":15},"end":{"line":244,"column":40}}},"19":{"name":"(anonymous_19)","line":269,"loc":{"start":{"line":269,"column":20},"end":{"line":269,"column":40}}},"20":{"name":"(anonymous_20)","line":274,"loc":{"start":{"line":274,"column":20},"end":{"line":274,"column":37}}},"21":{"name":"(anonymous_21)","line":289,"loc":{"start":{"line":289,"column":22},"end":{"line":289,"column":42}}},"22":{"name":"(anonymous_22)","line":304,"loc":{"start":{"line":304,"column":26},"end":{"line":304,"column":53}}},"23":{"name":"(anonymous_23)","line":327,"loc":{"start":{"line":327,"column":21},"end":{"line":327,"column":33}}},"24":{"name":"(anonymous_24)","line":337,"loc":{"start":{"line":337,"column":19},"end":{"line":337,"column":31}}},"25":{"name":"(anonymous_25)","line":349,"loc":{"start":{"line":349,"column":15},"end":{"line":349,"column":31}}},"26":{"name":"(anonymous_26)","line":360,"loc":{"start":{"line":360,"column":15},"end":{"line":360,"column":31}}},"27":{"name":"(anonymous_27)","line":371,"loc":{"start":{"line":371,"column":20},"end":{"line":371,"column":43}}},"28":{"name":"(anonymous_28)","line":381,"loc":{"start":{"line":381,"column":25},"end":{"line":381,"column":41}}},"29":{"name":"(anonymous_29)","line":383,"loc":{"start":{"line":383,"column":16},"end":{"line":383,"column":33}}},"30":{"name":"(anonymous_30)","line":397,"loc":{"start":{"line":397,"column":15},"end":{"line":397,"column":40}}},"31":{"name":"(anonymous_31)","line":411,"loc":{"start":{"line":411,"column":26},"end":{"line":411,"column":55}}},"32":{"name":"(anonymous_32)","line":425,"loc":{"start":{"line":425,"column":20},"end":{"line":425,"column":40}}},"33":{"name":"(anonymous_33)","line":430,"loc":{"start":{"line":430,"column":20},"end":{"line":430,"column":37}}},"34":{"name":"(anonymous_34)","line":445,"loc":{"start":{"line":445,"column":22},"end":{"line":445,"column":42}}},"35":{"name":"(anonymous_35)","line":460,"loc":{"start":{"line":460,"column":26},"end":{"line":460,"column":53}}},"36":{"name":"(anonymous_36)","line":482,"loc":{"start":{"line":482,"column":22},"end":{"line":482,"column":34}}},"37":{"name":"(anonymous_37)","line":508,"loc":{"start":{"line":508,"column":18},"end":{"line":508,"column":47}}},"38":{"name":"(anonymous_38)","line":522,"loc":{"start":{"line":522,"column":36},"end":{"line":522,"column":56}}},"39":{"name":"(anonymous_39)","line":533,"loc":{"start":{"line":533,"column":11},"end":{"line":533,"column":23}}},"40":{"name":"(anonymous_40)","line":546,"loc":{"start":{"line":546,"column":9},"end":{"line":546,"column":38}}},"41":{"name":"(anonymous_41)","line":549,"loc":{"start":{"line":549,"column":36},"end":{"line":549,"column":56}}},"42":{"name":"(anonymous_42)","line":565,"loc":{"start":{"line":565,"column":12},"end":{"line":565,"column":56}}},"43":{"name":"(anonymous_43)","line":581,"loc":{"start":{"line":581,"column":9},"end":{"line":581,"column":21}}},"44":{"name":"(anonymous_44)","line":627,"loc":{"start":{"line":627,"column":30},"end":{"line":627,"column":42}}},"45":{"name":"(anonymous_45)","line":642,"loc":{"start":{"line":642,"column":33},"end":{"line":642,"column":45}}}},"statementMap":{"1":{"start":{"line":4,"column":0},"end":{"line":4,"column":42}},"2":{"start":{"line":5,"column":0},"end":{"line":5,"column":27}},"3":{"start":{"line":6,"column":0},"end":{"line":6,"column":30}},"4":{"start":{"line":8,"column":0},"end":{"line":8,"column":45}},"5":{"start":{"line":10,"column":0},"end":{"line":10,"column":48}},"6":{"start":{"line":12,"column":0},"end":{"line":12,"column":53}},"7":{"start":{"line":13,"column":0},"end":{"line":13,"column":55}},"8":{"start":{"line":14,"column":0},"end":{"line":14,"column":53}},"9":{"start":{"line":31,"column":0},"end":{"line":595,"column":4}},"10":{"start":{"line":42,"column":2},"end":{"line":42,"column":17}},"11":{"start":{"line":44,"column":2},"end":{"line":44,"column":32}},"12":{"start":{"line":46,"column":2},"end":{"line":48,"column":3}},"13":{"start":{"line":47,"column":3},"end":{"line":47,"column":32}},"14":{"start":{"line":50,"column":2},"end":{"line":52,"column":3}},"15":{"start":{"line":51,"column":3},"end":{"line":51,"column":70}},"16":{"start":{"line":54,"column":2},"end":{"line":54,"column":26}},"17":{"start":{"line":55,"column":2},"end":{"line":55,"column":28}},"18":{"start":{"line":57,"column":2},"end":{"line":57,"column":26}},"19":{"start":{"line":58,"column":2},"end":{"line":58,"column":28}},"20":{"start":{"line":60,"column":2},"end":{"line":60,"column":65}},"21":{"start":{"line":62,"column":2},"end":{"line":62,"column":20}},"22":{"start":{"line":72,"column":3},"end":{"line":72,"column":38}},"23":{"start":{"line":73,"column":3},"end":{"line":73,"column":38}},"24":{"start":{"line":75,"column":3},"end":{"line":77,"column":17}},"25":{"start":{"line":76,"column":4},"end":{"line":76,"column":45}},"26":{"start":{"line":88,"column":3},"end":{"line":104,"column":5}},"27":{"start":{"line":106,"column":3},"end":{"line":109,"column":12}},"28":{"start":{"line":107,"column":4},"end":{"line":107,"column":66}},"29":{"start":{"line":108,"column":4},"end":{"line":108,"column":35}},"30":{"start":{"line":111,"column":3},"end":{"line":111,"column":47}},"31":{"start":{"line":121,"column":3},"end":{"line":125,"column":5}},"32":{"start":{"line":127,"column":3},"end":{"line":130,"column":12}},"33":{"start":{"line":128,"column":4},"end":{"line":128,"column":66}},"34":{"start":{"line":129,"column":4},"end":{"line":129,"column":35}},"35":{"start":{"line":132,"column":3},"end":{"line":132,"column":47}},"36":{"start":{"line":143,"column":3},"end":{"line":143,"column":36}},"37":{"start":{"line":154,"column":3},"end":{"line":154,"column":24}},"38":{"start":{"line":164,"column":3},"end":{"line":164,"column":26}},"39":{"start":{"line":175,"column":3},"end":{"line":175,"column":31}},"40":{"start":{"line":185,"column":3},"end":{"line":185,"column":29}},"41":{"start":{"line":197,"column":3},"end":{"line":197,"column":37}},"42":{"start":{"line":208,"column":3},"end":{"line":208,"column":35}},"43":{"start":{"line":219,"column":3},"end":{"line":219,"column":36}},"44":{"start":{"line":230,"column":3},"end":{"line":232,"column":12}},"45":{"start":{"line":231,"column":4},"end":{"line":231,"column":48}},"46":{"start":{"line":245,"column":3},"end":{"line":246,"column":13}},"47":{"start":{"line":248,"column":3},"end":{"line":250,"column":4}},"48":{"start":{"line":249,"column":4},"end":{"line":249,"column":55}},"49":{"start":{"line":252,"column":3},"end":{"line":252,"column":27}},"50":{"start":{"line":253,"column":3},"end":{"line":255,"column":4}},"51":{"start":{"line":254,"column":4},"end":{"line":254,"column":24}},"52":{"start":{"line":257,"column":3},"end":{"line":257,"column":54}},"53":{"start":{"line":258,"column":3},"end":{"line":258,"column":43}},"54":{"start":{"line":259,"column":3},"end":{"line":259,"column":19}},"55":{"start":{"line":270,"column":3},"end":{"line":270,"column":19}},"56":{"start":{"line":272,"column":3},"end":{"line":272,"column":48}},"57":{"start":{"line":274,"column":3},"end":{"line":276,"column":12}},"58":{"start":{"line":275,"column":4},"end":{"line":275,"column":53}},"59":{"start":{"line":278,"column":3},"end":{"line":278,"column":17}},"60":{"start":{"line":290,"column":3},"end":{"line":291,"column":29}},"61":{"start":{"line":294,"column":3},"end":{"line":298,"column":4}},"62":{"start":{"line":295,"column":4},"end":{"line":295,"column":36}},"63":{"start":{"line":296,"column":10},"end":{"line":298,"column":4}},"64":{"start":{"line":297,"column":4},"end":{"line":297,"column":36}},"65":{"start":{"line":301,"column":3},"end":{"line":314,"column":4}},"66":{"start":{"line":303,"column":4},"end":{"line":303,"column":21}},"67":{"start":{"line":304,"column":4},"end":{"line":312,"column":7}},"68":{"start":{"line":306,"column":5},"end":{"line":311,"column":6}},"69":{"start":{"line":307,"column":6},"end":{"line":307,"column":50}},"70":{"start":{"line":309,"column":12},"end":{"line":311,"column":6}},"71":{"start":{"line":310,"column":6},"end":{"line":310,"column":40}},"72":{"start":{"line":313,"column":4},"end":{"line":313,"column":32}},"73":{"start":{"line":316,"column":3},"end":{"line":316,"column":24}},"74":{"start":{"line":328,"column":3},"end":{"line":328,"column":31}},"75":{"start":{"line":338,"column":3},"end":{"line":338,"column":29}},"76":{"start":{"line":350,"column":3},"end":{"line":350,"column":37}},"77":{"start":{"line":361,"column":3},"end":{"line":361,"column":35}},"78":{"start":{"line":372,"column":3},"end":{"line":372,"column":36}},"79":{"start":{"line":383,"column":3},"end":{"line":385,"column":12}},"80":{"start":{"line":384,"column":4},"end":{"line":384,"column":48}},"81":{"start":{"line":398,"column":3},"end":{"line":399,"column":13}},"82":{"start":{"line":401,"column":3},"end":{"line":403,"column":4}},"83":{"start":{"line":402,"column":4},"end":{"line":402,"column":55}},"84":{"start":{"line":405,"column":3},"end":{"line":405,"column":27}},"85":{"start":{"line":406,"column":3},"end":{"line":408,"column":4}},"86":{"start":{"line":407,"column":4},"end":{"line":407,"column":24}},"87":{"start":{"line":410,"column":3},"end":{"line":410,"column":54}},"88":{"start":{"line":411,"column":3},"end":{"line":413,"column":17}},"89":{"start":{"line":412,"column":4},"end":{"line":412,"column":43}},"90":{"start":{"line":414,"column":3},"end":{"line":414,"column":43}},"91":{"start":{"line":415,"column":3},"end":{"line":415,"column":19}},"92":{"start":{"line":426,"column":3},"end":{"line":426,"column":19}},"93":{"start":{"line":428,"column":3},"end":{"line":428,"column":48}},"94":{"start":{"line":430,"column":3},"end":{"line":432,"column":12}},"95":{"start":{"line":431,"column":4},"end":{"line":431,"column":53}},"96":{"start":{"line":434,"column":3},"end":{"line":434,"column":17}},"97":{"start":{"line":446,"column":3},"end":{"line":447,"column":29}},"98":{"start":{"line":450,"column":3},"end":{"line":454,"column":4}},"99":{"start":{"line":451,"column":4},"end":{"line":451,"column":36}},"100":{"start":{"line":452,"column":10},"end":{"line":454,"column":4}},"101":{"start":{"line":453,"column":4},"end":{"line":453,"column":36}},"102":{"start":{"line":457,"column":3},"end":{"line":470,"column":4}},"103":{"start":{"line":459,"column":4},"end":{"line":459,"column":21}},"104":{"start":{"line":460,"column":4},"end":{"line":468,"column":7}},"105":{"start":{"line":462,"column":5},"end":{"line":467,"column":6}},"106":{"start":{"line":463,"column":6},"end":{"line":463,"column":50}},"107":{"start":{"line":465,"column":12},"end":{"line":467,"column":6}},"108":{"start":{"line":466,"column":6},"end":{"line":466,"column":40}},"109":{"start":{"line":469,"column":4},"end":{"line":469,"column":32}},"110":{"start":{"line":472,"column":3},"end":{"line":472,"column":24}},"111":{"start":{"line":483,"column":3},"end":{"line":498,"column":5}},"112":{"start":{"line":510,"column":3},"end":{"line":510,"column":39}},"113":{"start":{"line":512,"column":3},"end":{"line":514,"column":4}},"114":{"start":{"line":513,"column":4},"end":{"line":513,"column":103}},"115":{"start":{"line":517,"column":3},"end":{"line":519,"column":4}},"116":{"start":{"line":518,"column":4},"end":{"line":518,"column":50}},"117":{"start":{"line":522,"column":3},"end":{"line":524,"column":6}},"118":{"start":{"line":523,"column":4},"end":{"line":523,"column":48}},"119":{"start":{"line":534,"column":3},"end":{"line":534,"column":29}},"120":{"start":{"line":547,"column":3},"end":{"line":547,"column":24}},"121":{"start":{"line":549,"column":3},"end":{"line":551,"column":6}},"122":{"start":{"line":550,"column":4},"end":{"line":550,"column":55}},"123":{"start":{"line":553,"column":3},"end":{"line":553,"column":20}},"124":{"start":{"line":566,"column":3},"end":{"line":566,"column":48}},"125":{"start":{"line":568,"column":3},"end":{"line":572,"column":4}},"126":{"start":{"line":569,"column":4},"end":{"line":569,"column":57}},"127":{"start":{"line":571,"column":4},"end":{"line":571,"column":53}},"128":{"start":{"line":582,"column":3},"end":{"line":584,"column":4}},"129":{"start":{"line":583,"column":4},"end":{"line":583,"column":44}},"130":{"start":{"line":585,"column":3},"end":{"line":585,"column":29}},"131":{"start":{"line":586,"column":3},"end":{"line":586,"column":29}},"132":{"start":{"line":603,"column":0},"end":{"line":603,"column":50}},"133":{"start":{"line":610,"column":0},"end":{"line":610,"column":52}},"134":{"start":{"line":617,"column":0},"end":{"line":617,"column":50}},"135":{"start":{"line":627,"column":0},"end":{"line":633,"column":2}},"136":{"start":{"line":628,"column":1},"end":{"line":632,"column":3}},"137":{"start":{"line":642,"column":0},"end":{"line":647,"column":2}},"138":{"start":{"line":643,"column":1},"end":{"line":646,"column":3}},"139":{"start":{"line":656,"column":0},"end":{"line":656,"column":59}},"140":{"start":{"line":658,"column":0},"end":{"line":658,"column":31}}},"branchMap":{"1":{"line":44,"type":"binary-expr","locations":[{"start":{"line":44,"column":18},"end":{"line":44,"column":25}},{"start":{"line":44,"column":29},"end":{"line":44,"column":31}}]},"2":{"line":46,"type":"if","locations":[{"start":{"line":46,"column":2},"end":{"line":46,"column":2}},{"start":{"line":46,"column":2},"end":{"line":46,"column":2}}]},"3":{"line":50,"type":"if","locations":[{"start":{"line":50,"column":2},"end":{"line":50,"column":2}},{"start":{"line":50,"column":2},"end":{"line":50,"column":2}}]},"4":{"line":51,"type":"binary-expr","locations":[{"start":{"line":51,"column":21},"end":{"line":51,"column":44}},{"start":{"line":51,"column":48},"end":{"line":51,"column":69}}]},"5":{"line":248,"type":"if","locations":[{"start":{"line":248,"column":3},"end":{"line":248,"column":3}},{"start":{"line":248,"column":3},"end":{"line":248,"column":3}}]},"6":{"line":252,"type":"binary-expr","locations":[{"start":{"line":252,"column":13},"end":{"line":252,"column":20}},{"start":{"line":252,"column":24},"end":{"line":252,"column":26}}]},"7":{"line":253,"type":"if","locations":[{"start":{"line":253,"column":3},"end":{"line":253,"column":3}},{"start":{"line":253,"column":3},"end":{"line":253,"column":3}}]},"8":{"line":294,"type":"if","locations":[{"start":{"line":294,"column":3},"end":{"line":294,"column":3}},{"start":{"line":294,"column":3},"end":{"line":294,"column":3}}]},"9":{"line":296,"type":"if","locations":[{"start":{"line":296,"column":10},"end":{"line":296,"column":10}},{"start":{"line":296,"column":10},"end":{"line":296,"column":10}}]},"10":{"line":296,"type":"binary-expr","locations":[{"start":{"line":296,"column":14},"end":{"line":296,"column":39}},{"start":{"line":296,"column":43},"end":{"line":296,"column":68}}]},"11":{"line":301,"type":"if","locations":[{"start":{"line":301,"column":3},"end":{"line":301,"column":3}},{"start":{"line":301,"column":3},"end":{"line":301,"column":3}}]},"12":{"line":306,"type":"if","locations":[{"start":{"line":306,"column":5},"end":{"line":306,"column":5}},{"start":{"line":306,"column":5},"end":{"line":306,"column":5}}]},"13":{"line":309,"type":"if","locations":[{"start":{"line":309,"column":12},"end":{"line":309,"column":12}},{"start":{"line":309,"column":12},"end":{"line":309,"column":12}}]},"14":{"line":401,"type":"if","locations":[{"start":{"line":401,"column":3},"end":{"line":401,"column":3}},{"start":{"line":401,"column":3},"end":{"line":401,"column":3}}]},"15":{"line":405,"type":"binary-expr","locations":[{"start":{"line":405,"column":13},"end":{"line":405,"column":20}},{"start":{"line":405,"column":24},"end":{"line":405,"column":26}}]},"16":{"line":406,"type":"if","locations":[{"start":{"line":406,"column":3},"end":{"line":406,"column":3}},{"start":{"line":406,"column":3},"end":{"line":406,"column":3}}]},"17":{"line":450,"type":"if","locations":[{"start":{"line":450,"column":3},"end":{"line":450,"column":3}},{"start":{"line":450,"column":3},"end":{"line":450,"column":3}}]},"18":{"line":452,"type":"if","locations":[{"start":{"line":452,"column":10},"end":{"line":452,"column":10}},{"start":{"line":452,"column":10},"end":{"line":452,"column":10}}]},"19":{"line":452,"type":"binary-expr","locations":[{"start":{"line":452,"column":14},"end":{"line":452,"column":39}},{"start":{"line":452,"column":43},"end":{"line":452,"column":68}}]},"20":{"line":457,"type":"if","locations":[{"start":{"line":457,"column":3},"end":{"line":457,"column":3}},{"start":{"line":457,"column":3},"end":{"line":457,"column":3}}]},"21":{"line":462,"type":"if","locations":[{"start":{"line":462,"column":5},"end":{"line":462,"column":5}},{"start":{"line":462,"column":5},"end":{"line":462,"column":5}}]},"22":{"line":465,"type":"if","locations":[{"start":{"line":465,"column":12},"end":{"line":465,"column":12}},{"start":{"line":465,"column":12},"end":{"line":465,"column":12}}]},"23":{"line":512,"type":"if","locations":[{"start":{"line":512,"column":3},"end":{"line":512,"column":3}},{"start":{"line":512,"column":3},"end":{"line":512,"column":3}}]},"24":{"line":517,"type":"if","locations":[{"start":{"line":517,"column":3},"end":{"line":517,"column":3}},{"start":{"line":517,"column":3},"end":{"line":517,"column":3}}]},"25":{"line":568,"type":"if","locations":[{"start":{"line":568,"column":3},"end":{"line":568,"column":3}},{"start":{"line":568,"column":3},"end":{"line":568,"column":3}}]},"26":{"line":582,"type":"if","locations":[{"start":{"line":582,"column":3},"end":{"line":582,"column":3}},{"start":{"line":582,"column":3},"end":{"line":582,"column":3}}]}}},"/Users/erz/test/preceptor-reporter/lib/container.js":{"path":"/Users/erz/test/preceptor-reporter/lib/container.js","s":{"1":1,"2":1,"3":1,"4":1,"5":17,"6":17,"7":17,"8":17,"9":17,"10":17,"11":17,"12":323,"13":323,"14":0,"15":68,"16":68,"17":68,"18":68,"19":68,"20":68,"21":68,"22":68,"23":0,"24":68,"25":0,"26":68,"27":68,"28":68,"29":48,"30":48,"31":32,"32":255,"33":255,"34":255,"35":255,"36":255,"37":255,"38":34,"39":34,"40":34,"41":34,"42":36,"43":36,"44":36,"45":36,"46":68,"47":68,"48":32,"49":32,"50":53,"51":53,"52":53,"53":32,"54":32,"55":255,"56":255,"57":0,"58":255,"59":0,"60":255,"61":255,"62":255,"63":255,"64":1718,"65":1718,"66":0,"67":1718,"68":0,"69":1718,"70":218,"71":1500,"72":1500,"73":0,"74":1718,"75":0,"76":245,"77":46,"78":46,"79":46,"80":264,"81":208,"82":208,"83":28,"84":180,"85":56,"86":218,"87":52,"88":52,"89":34,"90":18,"91":1},"b":{"1":[0,323],"2":[0,68],"3":[0,68],"4":[34,0],"5":[34,0],"6":[36,0],"7":[36,0],"8":[53,0],"9":[0,255],"10":[0,255],"11":[0,1718],"12":[0,1718],"13":[218,1500],"14":[1718,1504],"15":[0,1500],"16":[208,56],"17":[28,180],"18":[56,0],"19":[34,18]},"f":{"1":17,"2":17,"3":323,"4":17,"5":68,"6":68,"7":48,"8":32,"9":255,"10":34,"11":36,"12":68,"13":32,"14":53,"15":32,"16":255,"17":1718,"18":0,"19":245,"20":46,"21":264,"22":218,"23":52},"fnMap":{"1":{"name":"(anonymous_1)","line":26,"loc":{"start":{"line":26,"column":9},"end":{"line":26,"column":21}}},"2":{"name":"(anonymous_2)","line":47,"loc":{"start":{"line":47,"column":8},"end":{"line":47,"column":20}}},"3":{"name":"(anonymous_3)","line":53,"loc":{"start":{"line":53,"column":33},"end":{"line":53,"column":47}}},"4":{"name":"(anonymous_4)","line":68,"loc":{"start":{"line":68,"column":12},"end":{"line":68,"column":24}}},"5":{"name":"(anonymous_5)","line":80,"loc":{"start":{"line":80,"column":14},"end":{"line":80,"column":49}}},"6":{"name":"(anonymous_6)","line":109,"loc":{"start":{"line":109,"column":12},"end":{"line":109,"column":26}}},"7":{"name":"(anonymous_7)","line":132,"loc":{"start":{"line":132,"column":12},"end":{"line":132,"column":32}}},"8":{"name":"(anonymous_8)","line":145,"loc":{"start":{"line":145,"column":15},"end":{"line":145,"column":38}}},"9":{"name":"(anonymous_9)","line":158,"loc":{"start":{"line":158,"column":13},"end":{"line":158,"column":47}}},"10":{"name":"(anonymous_10)","line":189,"loc":{"start":{"line":189,"column":14},"end":{"line":189,"column":45}}},"11":{"name":"(anonymous_11)","line":205,"loc":{"start":{"line":205,"column":13},"end":{"line":205,"column":44}}},"12":{"name":"(anonymous_12)","line":219,"loc":{"start":{"line":219,"column":14},"end":{"line":219,"column":28}}},"13":{"name":"(anonymous_13)","line":231,"loc":{"start":{"line":231,"column":17},"end":{"line":231,"column":31}}},"14":{"name":"(anonymous_14)","line":244,"loc":{"start":{"line":244,"column":15},"end":{"line":244,"column":37}}},"15":{"name":"(anonymous_15)","line":257,"loc":{"start":{"line":257,"column":18},"end":{"line":257,"column":32}}},"16":{"name":"(anonymous_16)","line":272,"loc":{"start":{"line":272,"column":23},"end":{"line":272,"column":37}}},"17":{"name":"(anonymous_17)","line":297,"loc":{"start":{"line":297,"column":13},"end":{"line":297,"column":27}}},"18":{"name":"(anonymous_18)","line":326,"loc":{"start":{"line":326,"column":15},"end":{"line":326,"column":27}}},"19":{"name":"(anonymous_19)","line":336,"loc":{"start":{"line":336,"column":11},"end":{"line":336,"column":23}}},"20":{"name":"(anonymous_20)","line":348,"loc":{"start":{"line":348,"column":22},"end":{"line":348,"column":42}}},"21":{"name":"(anonymous_21)","line":372,"loc":{"start":{"line":372,"column":18},"end":{"line":372,"column":46}}},"22":{"name":"(anonymous_22)","line":382,"loc":{"start":{"line":382,"column":36},"end":{"line":382,"column":52}}},"23":{"name":"(anonymous_23)","line":395,"loc":{"start":{"line":395,"column":15},"end":{"line":395,"column":29}}}},"statementMap":{"1":{"start":{"line":4,"column":0},"end":{"line":4,"column":42}},"2":{"start":{"line":5,"column":0},"end":{"line":5,"column":44}},"3":{"start":{"line":6,"column":0},"end":{"line":6,"column":30}},"4":{"start":{"line":18,"column":0},"end":{"line":415,"column":4}},"5":{"start":{"line":27,"column":3},"end":{"line":27,"column":23}},"6":{"start":{"line":28,"column":3},"end":{"line":28,"column":22}},"7":{"start":{"line":29,"column":3},"end":{"line":39,"column":5}},"8":{"start":{"line":49,"column":3},"end":{"line":49,"column":38}},"9":{"start":{"line":50,"column":3},"end":{"line":50,"column":67}},"10":{"start":{"line":51,"column":3},"end":{"line":51,"column":30}},"11":{"start":{"line":53,"column":3},"end":{"line":60,"column":12}},"12":{"start":{"line":55,"column":4},"end":{"line":55,"column":35}},"13":{"start":{"line":57,"column":4},"end":{"line":59,"column":5}},"14":{"start":{"line":58,"column":5},"end":{"line":58,"column":121}},"15":{"start":{"line":81,"column":3},"end":{"line":81,"column":14}},"16":{"start":{"line":83,"column":3},"end":{"line":94,"column":5}},"17":{"start":{"line":96,"column":3},"end":{"line":96,"column":37}},"18":{"start":{"line":97,"column":3},"end":{"line":97,"column":46}},"19":{"start":{"line":99,"column":3},"end":{"line":99,"column":42}},"20":{"start":{"line":100,"column":3},"end":{"line":100,"column":43}},"21":{"start":{"line":110,"column":3},"end":{"line":110,"column":35}},"22":{"start":{"line":112,"column":3},"end":{"line":114,"column":4}},"23":{"start":{"line":113,"column":4},"end":{"line":114,"column":3}},"24":{"start":{"line":115,"column":3},"end":{"line":117,"column":4}},"25":{"start":{"line":116,"column":4},"end":{"line":116,"column":69}},"26":{"start":{"line":119,"column":3},"end":{"line":119,"column":34}},"27":{"start":{"line":120,"column":3},"end":{"line":120,"column":55}},"28":{"start":{"line":121,"column":3},"end":{"line":121,"column":26}},"29":{"start":{"line":133,"column":3},"end":{"line":133,"column":35}},"30":{"start":{"line":135,"column":3},"end":{"line":135,"column":67}},"31":{"start":{"line":146,"column":3},"end":{"line":146,"column":45}},"32":{"start":{"line":159,"column":3},"end":{"line":159,"column":14}},"33":{"start":{"line":161,"column":3},"end":{"line":171,"column":5}},"34":{"start":{"line":173,"column":3},"end":{"line":173,"column":37}},"35":{"start":{"line":174,"column":3},"end":{"line":174,"column":46}},"36":{"start":{"line":176,"column":3},"end":{"line":176,"column":42}},"37":{"start":{"line":177,"column":3},"end":{"line":177,"column":43}},"38":{"start":{"line":190,"column":3},"end":{"line":190,"column":45}},"39":{"start":{"line":192,"column":3},"end":{"line":192,"column":29}},"40":{"start":{"line":193,"column":3},"end":{"line":193,"column":40}},"41":{"start":{"line":194,"column":3},"end":{"line":194,"column":44}},"42":{"start":{"line":206,"column":3},"end":{"line":206,"column":45}},"43":{"start":{"line":208,"column":3},"end":{"line":208,"column":28}},"44":{"start":{"line":209,"column":3},"end":{"line":209,"column":39}},"45":{"start":{"line":210,"column":3},"end":{"line":210,"column":44}},"46":{"start":{"line":220,"column":3},"end":{"line":220,"column":45}},"47":{"start":{"line":222,"column":3},"end":{"line":222,"column":29}},"48":{"start":{"line":232,"column":3},"end":{"line":232,"column":45}},"49":{"start":{"line":234,"column":3},"end":{"line":234,"column":32}},"50":{"start":{"line":245,"column":3},"end":{"line":245,"column":45}},"51":{"start":{"line":247,"column":3},"end":{"line":247,"column":30}},"52":{"start":{"line":248,"column":3},"end":{"line":248,"column":39}},"53":{"start":{"line":258,"column":3},"end":{"line":258,"column":45}},"54":{"start":{"line":260,"column":3},"end":{"line":260,"column":33}},"55":{"start":{"line":273,"column":3},"end":{"line":273,"column":35}},"56":{"start":{"line":275,"column":3},"end":{"line":277,"column":4}},"57":{"start":{"line":276,"column":4},"end":{"line":277,"column":3}},"58":{"start":{"line":278,"column":3},"end":{"line":280,"column":4}},"59":{"start":{"line":279,"column":4},"end":{"line":279,"column":68}},"60":{"start":{"line":282,"column":3},"end":{"line":282,"column":34}},"61":{"start":{"line":283,"column":3},"end":{"line":283,"column":55}},"62":{"start":{"line":284,"column":3},"end":{"line":284,"column":26}},"63":{"start":{"line":286,"column":3},"end":{"line":286,"column":17}},"64":{"start":{"line":298,"column":3},"end":{"line":298,"column":14}},"65":{"start":{"line":300,"column":3},"end":{"line":302,"column":4}},"66":{"start":{"line":301,"column":4},"end":{"line":301,"column":19}},"67":{"start":{"line":303,"column":3},"end":{"line":305,"column":4}},"68":{"start":{"line":304,"column":4},"end":{"line":304,"column":14}},"69":{"start":{"line":307,"column":3},"end":{"line":315,"column":4}},"70":{"start":{"line":308,"column":4},"end":{"line":308,"column":28}},"71":{"start":{"line":310,"column":4},"end":{"line":310,"column":31}},"72":{"start":{"line":312,"column":4},"end":{"line":314,"column":5}},"73":{"start":{"line":313,"column":5},"end":{"line":313,"column":73}},"74":{"start":{"line":317,"column":3},"end":{"line":317,"column":17}},"75":{"start":{"line":327,"column":3},"end":{"line":327,"column":25}},"76":{"start":{"line":337,"column":3},"end":{"line":337,"column":21}},"77":{"start":{"line":349,"column":3},"end":{"line":357,"column":5}},"78":{"start":{"line":359,"column":3},"end":{"line":359,"column":41}},"79":{"start":{"line":361,"column":3},"end":{"line":361,"column":17}},"80":{"start":{"line":373,"column":3},"end":{"line":385,"column":4}},"81":{"start":{"line":374,"column":4},"end":{"line":374,"column":19}},"82":{"start":{"line":376,"column":4},"end":{"line":380,"column":5}},"83":{"start":{"line":377,"column":5},"end":{"line":377,"column":23}},"84":{"start":{"line":379,"column":5},"end":{"line":379,"column":32}},"85":{"start":{"line":382,"column":4},"end":{"line":384,"column":13}},"86":{"start":{"line":383,"column":5},"end":{"line":383,"column":39}},"87":{"start":{"line":396,"column":3},"end":{"line":398,"column":23}},"88":{"start":{"line":400,"column":3},"end":{"line":404,"column":4}},"89":{"start":{"line":401,"column":4},"end":{"line":401,"column":56}},"90":{"start":{"line":403,"column":4},"end":{"line":403,"column":16}},"91":{"start":{"line":417,"column":0},"end":{"line":417,"column":33}}},"branchMap":{"1":{"line":57,"type":"if","locations":[{"start":{"line":57,"column":4},"end":{"line":57,"column":4}},{"start":{"line":57,"column":4},"end":{"line":57,"column":4}}]},"2":{"line":112,"type":"if","locations":[{"start":{"line":112,"column":3},"end":{"line":112,"column":3}},{"start":{"line":112,"column":3},"end":{"line":112,"column":3}}]},"3":{"line":115,"type":"if","locations":[{"start":{"line":115,"column":3},"end":{"line":115,"column":3}},{"start":{"line":115,"column":3},"end":{"line":115,"column":3}}]},"4":{"line":193,"type":"binary-expr","locations":[{"start":{"line":193,"column":20},"end":{"line":193,"column":27}},{"start":{"line":193,"column":31},"end":{"line":193,"column":39}}]},"5":{"line":194,"type":"binary-expr","locations":[{"start":{"line":194,"column":19},"end":{"line":194,"column":25}},{"start":{"line":194,"column":29},"end":{"line":194,"column":43}}]},"6":{"line":209,"type":"binary-expr","locations":[{"start":{"line":209,"column":20},"end":{"line":209,"column":27}},{"start":{"line":209,"column":31},"end":{"line":209,"column":38}}]},"7":{"line":210,"type":"binary-expr","locations":[{"start":{"line":210,"column":19},"end":{"line":210,"column":25}},{"start":{"line":210,"column":29},"end":{"line":210,"column":43}}]},"8":{"line":248,"type":"binary-expr","locations":[{"start":{"line":248,"column":19},"end":{"line":248,"column":25}},{"start":{"line":248,"column":29},"end":{"line":248,"column":38}}]},"9":{"line":275,"type":"if","locations":[{"start":{"line":275,"column":3},"end":{"line":275,"column":3}},{"start":{"line":275,"column":3},"end":{"line":275,"column":3}}]},"10":{"line":278,"type":"if","locations":[{"start":{"line":278,"column":3},"end":{"line":278,"column":3}},{"start":{"line":278,"column":3},"end":{"line":278,"column":3}}]},"11":{"line":300,"type":"if","locations":[{"start":{"line":300,"column":3},"end":{"line":300,"column":3}},{"start":{"line":300,"column":3},"end":{"line":300,"column":3}}]},"12":{"line":303,"type":"if","locations":[{"start":{"line":303,"column":3},"end":{"line":303,"column":3}},{"start":{"line":303,"column":3},"end":{"line":303,"column":3}}]},"13":{"line":307,"type":"if","locations":[{"start":{"line":307,"column":3},"end":{"line":307,"column":3}},{"start":{"line":307,"column":3},"end":{"line":307,"column":3}}]},"14":{"line":307,"type":"binary-expr","locations":[{"start":{"line":307,"column":8},"end":{"line":307,"column":24}},{"start":{"line":307,"column":30},"end":{"line":307,"column":41}}]},"15":{"line":312,"type":"if","locations":[{"start":{"line":312,"column":4},"end":{"line":312,"column":4}},{"start":{"line":312,"column":4},"end":{"line":312,"column":4}}]},"16":{"line":373,"type":"if","locations":[{"start":{"line":373,"column":3},"end":{"line":373,"column":3}},{"start":{"line":373,"column":3},"end":{"line":373,"column":3}}]},"17":{"line":376,"type":"if","locations":[{"start":{"line":376,"column":4},"end":{"line":376,"column":4}},{"start":{"line":376,"column":4},"end":{"line":376,"column":4}}]},"18":{"line":382,"type":"binary-expr","locations":[{"start":{"line":382,"column":11},"end":{"line":382,"column":28}},{"start":{"line":382,"column":32},"end":{"line":382,"column":34}}]},"19":{"line":400,"type":"if","locations":[{"start":{"line":400,"column":3},"end":{"line":400,"column":3}},{"start":{"line":400,"column":3},"end":{"line":400,"column":3}}]}}},"/Users/erz/test/preceptor-reporter/lib/reporter/event.js":{"path":"/Users/erz/test/preceptor-reporter/lib/reporter/event.js","s":{"1":1,"2":1,"3":18,"4":18,"5":742,"6":742,"7":18,"8":18,"9":18,"10":48,"11":48,"12":32,"13":32,"14":64,"15":64,"16":64,"17":64,"18":240,"19":240,"20":32,"21":32,"22":32,"23":32,"24":64,"25":64,"26":32,"27":32,"28":48,"29":48,"30":32,"31":32,"32":1},"b":{},"f":{"1":18,"2":742,"3":18,"4":18,"5":18,"6":48,"7":32,"8":64,"9":64,"10":240,"11":32,"12":32,"13":64,"14":32,"15":48,"16":32},"fnMap":{"1":{"name":"(anonymous_1)","line":43,"loc":{"start":{"line":43,"column":14},"end":{"line":43,"column":26}}},"2":{"name":"(anonymous_2)","line":46,"loc":{"start":{"line":46,"column":22},"end":{"line":46,"column":63}}},"3":{"name":"(anonymous_3)","line":58,"loc":{"start":{"line":58,"column":9},"end":{"line":58,"column":21}}},"4":{"name":"(anonymous_4)","line":67,"loc":{"start":{"line":67,"column":8},"end":{"line":67,"column":20}}},"5":{"name":"(anonymous_5)","line":77,"loc":{"start":{"line":77,"column":12},"end":{"line":77,"column":24}}},"6":{"name":"(anonymous_6)","line":89,"loc":{"start":{"line":89,"column":12},"end":{"line":89,"column":32}}},"7":{"name":"(anonymous_7)","line":101,"loc":{"start":{"line":101,"column":15},"end":{"line":101,"column":38}}},"8":{"name":"(anonymous_8)","line":115,"loc":{"start":{"line":115,"column":14},"end":{"line":115,"column":49}}},"9":{"name":"(anonymous_9)","line":126,"loc":{"start":{"line":126,"column":12},"end":{"line":126,"column":26}}},"10":{"name":"(anonymous_10)","line":140,"loc":{"start":{"line":140,"column":13},"end":{"line":140,"column":47}}},"11":{"name":"(anonymous_11)","line":154,"loc":{"start":{"line":154,"column":14},"end":{"line":154,"column":45}}},"12":{"name":"(anonymous_12)","line":167,"loc":{"start":{"line":167,"column":13},"end":{"line":167,"column":44}}},"13":{"name":"(anonymous_13)","line":178,"loc":{"start":{"line":178,"column":14},"end":{"line":178,"column":28}}},"14":{"name":"(anonymous_14)","line":189,"loc":{"start":{"line":189,"column":17},"end":{"line":189,"column":31}}},"15":{"name":"(anonymous_15)","line":201,"loc":{"start":{"line":201,"column":15},"end":{"line":201,"column":37}}},"16":{"name":"(anonymous_16)","line":212,"loc":{"start":{"line":212,"column":18},"end":{"line":212,"column":32}}}},"statementMap":{"1":{"start":{"line":4,"column":0},"end":{"line":4,"column":54}},"2":{"start":{"line":35,"column":0},"end":{"line":216,"column":4}},"3":{"start":{"line":44,"column":3},"end":{"line":44,"column":18}},"4":{"start":{"line":46,"column":3},"end":{"line":49,"column":17}},"5":{"start":{"line":47,"column":4},"end":{"line":47,"column":45}},"6":{"start":{"line":48,"column":4},"end":{"line":48,"column":35}},"7":{"start":{"line":59,"column":3},"end":{"line":59,"column":42}},"8":{"start":{"line":68,"column":3},"end":{"line":68,"column":41}},"9":{"start":{"line":78,"column":3},"end":{"line":78,"column":45}},"10":{"start":{"line":90,"column":3},"end":{"line":90,"column":25}},"11":{"start":{"line":91,"column":3},"end":{"line":91,"column":50}},"12":{"start":{"line":102,"column":3},"end":{"line":102,"column":28}},"13":{"start":{"line":103,"column":3},"end":{"line":103,"column":53}},"14":{"start":{"line":116,"column":3},"end":{"line":116,"column":40}},"15":{"start":{"line":117,"column":3},"end":{"line":117,"column":53}},"16":{"start":{"line":127,"column":3},"end":{"line":127,"column":19}},"17":{"start":{"line":128,"column":3},"end":{"line":128,"column":51}},"18":{"start":{"line":141,"column":3},"end":{"line":141,"column":39}},"19":{"start":{"line":142,"column":3},"end":{"line":142,"column":51}},"20":{"start":{"line":155,"column":3},"end":{"line":155,"column":36}},"21":{"start":{"line":156,"column":3},"end":{"line":156,"column":52}},"22":{"start":{"line":168,"column":3},"end":{"line":168,"column":36}},"23":{"start":{"line":169,"column":3},"end":{"line":169,"column":51}},"24":{"start":{"line":179,"column":3},"end":{"line":179,"column":19}},"25":{"start":{"line":180,"column":3},"end":{"line":180,"column":52}},"26":{"start":{"line":190,"column":3},"end":{"line":190,"column":19}},"27":{"start":{"line":191,"column":3},"end":{"line":191,"column":55}},"28":{"start":{"line":202,"column":3},"end":{"line":202,"column":27}},"29":{"start":{"line":203,"column":3},"end":{"line":203,"column":53}},"30":{"start":{"line":213,"column":3},"end":{"line":213,"column":19}},"31":{"start":{"line":214,"column":3},"end":{"line":214,"column":56}},"32":{"start":{"line":218,"column":0},"end":{"line":218,"column":31}}},"branchMap":{}},"/Users/erz/test/preceptor-reporter/lib/abstractReporter.js":{"path":"/Users/erz/test/preceptor-reporter/lib/abstractReporter.js","s":{"1":1,"2":1,"3":1,"4":1,"5":1,"6":1,"7":41,"8":41,"9":41,"10":41,"11":41,"12":0,"13":1391,"14":363,"15":2,"16":580,"17":23,"18":126,"19":375,"20":375,"21":352,"22":352,"23":352,"24":218,"25":218,"26":134,"27":20,"28":114,"29":352,"30":229,"31":244,"32":23,"33":23,"34":15,"35":15,"36":15,"37":23,"38":11,"39":11,"40":11,"41":55,"42":209,"43":209,"44":44,"45":209,"46":11,"47":11,"48":11,"49":11,"50":451,"51":451,"52":451,"53":451,"54":144,"55":11,"56":0,"57":23,"58":23,"59":4,"60":1},"b":{"1":[41,0],"2":[0,41],"3":[218,134],"4":[20,114],"5":[229,123],"6":[352,352],"7":[15,8],"8":[23,23],"9":[15,0],"10":[44,165],"11":[144,307],"12":[144,76],"13":[4,19]},"f":{"1":41,"2":41,"3":1391,"4":363,"5":2,"6":580,"7":23,"8":126,"9":375,"10":375,"11":352,"12":244,"13":23,"14":23,"15":23,"16":92,"17":92,"18":63,"19":42,"20":345,"21":46,"22":50,"23":92,"24":42,"25":73,"26":42,"27":11,"28":55,"29":209,"30":451,"31":0,"32":23},"fnMap":{"1":{"name":"(anonymous_1)","line":27,"loc":{"start":{"line":27,"column":1},"end":{"line":27,"column":31}}},"2":{"name":"(anonymous_2)","line":42,"loc":{"start":{"line":42,"column":14},"end":{"line":42,"column":26}}},"3":{"name":"(anonymous_3)","line":55,"loc":{"start":{"line":55,"column":14},"end":{"line":55,"column":26}}},"4":{"name":"(anonymous_4)","line":65,"loc":{"start":{"line":65,"column":11},"end":{"line":65,"column":23}}},"5":{"name":"(anonymous_5)","line":75,"loc":{"start":{"line":75,"column":20},"end":{"line":75,"column":32}}},"6":{"name":"(anonymous_6)","line":85,"loc":{"start":{"line":85,"column":16},"end":{"line":85,"column":28}}},"7":{"name":"(anonymous_7)","line":95,"loc":{"start":{"line":95,"column":11},"end":{"line":95,"column":23}}},"8":{"name":"(anonymous_8)","line":105,"loc":{"start":{"line":105,"column":12},"end":{"line":105,"column":24}}},"9":{"name":"(anonymous_9)","line":115,"loc":{"start":{"line":115,"column":16},"end":{"line":115,"column":28}}},"10":{"name":"(anonymous_10)","line":125,"loc":{"start":{"line":125,"column":22},"end":{"line":125,"column":34}}},"11":{"name":"(anonymous_11)","line":138,"loc":{"start":{"line":138,"column":11},"end":{"line":138,"column":39}}},"12":{"name":"(anonymous_12)","line":166,"loc":{"start":{"line":166,"column":10},"end":{"line":166,"column":26}}},"13":{"name":"(anonymous_13)","line":176,"loc":{"start":{"line":176,"column":9},"end":{"line":176,"column":21}}},"14":{"name":"(anonymous_14)","line":185,"loc":{"start":{"line":185,"column":8},"end":{"line":185,"column":20}}},"15":{"name":"(anonymous_15)","line":195,"loc":{"start":{"line":195,"column":12},"end":{"line":195,"column":24}}},"16":{"name":"(anonymous_16)","line":218,"loc":{"start":{"line":218,"column":14},"end":{"line":218,"column":49}}},"17":{"name":"(anonymous_17)","line":228,"loc":{"start":{"line":228,"column":12},"end":{"line":228,"column":26}}},"18":{"name":"(anonymous_18)","line":240,"loc":{"start":{"line":240,"column":12},"end":{"line":240,"column":32}}},"19":{"name":"(anonymous_19)","line":251,"loc":{"start":{"line":251,"column":15},"end":{"line":251,"column":38}}},"20":{"name":"(anonymous_20)","line":264,"loc":{"start":{"line":264,"column":13},"end":{"line":264,"column":47}}},"21":{"name":"(anonymous_21)","line":277,"loc":{"start":{"line":277,"column":14},"end":{"line":277,"column":45}}},"22":{"name":"(anonymous_22)","line":289,"loc":{"start":{"line":289,"column":13},"end":{"line":289,"column":44}}},"23":{"name":"(anonymous_23)","line":299,"loc":{"start":{"line":299,"column":14},"end":{"line":299,"column":28}}},"24":{"name":"(anonymous_24)","line":309,"loc":{"start":{"line":309,"column":17},"end":{"line":309,"column":31}}},"25":{"name":"(anonymous_25)","line":320,"loc":{"start":{"line":320,"column":15},"end":{"line":320,"column":37}}},"26":{"name":"(anonymous_26)","line":330,"loc":{"start":{"line":330,"column":18},"end":{"line":330,"column":32}}},"27":{"name":"(anonymous_27)","line":341,"loc":{"start":{"line":341,"column":13},"end":{"line":341,"column":25}}},"28":{"name":"(anonymous_28)","line":351,"loc":{"start":{"line":351,"column":8},"end":{"line":351,"column":28}}},"29":{"name":"(anonymous_29)","line":352,"loc":{"start":{"line":352,"column":21},"end":{"line":352,"column":38}}},"30":{"name":"(anonymous_30)","line":364,"loc":{"start":{"line":364,"column":21},"end":{"line":364,"column":35}}},"31":{"name":"(anonymous_31)","line":385,"loc":{"start":{"line":385,"column":12},"end":{"line":385,"column":24}}},"32":{"name":"(anonymous_32)","line":394,"loc":{"start":{"line":394,"column":9},"end":{"line":394,"column":21}}}},"statementMap":{"1":{"start":{"line":4,"column":0},"end":{"line":4,"column":42}},"2":{"start":{"line":5,"column":0},"end":{"line":5,"column":44}},"3":{"start":{"line":6,"column":0},"end":{"line":6,"column":23}},"4":{"start":{"line":7,"column":0},"end":{"line":7,"column":30}},"5":{"start":{"line":9,"column":0},"end":{"line":9,"column":54}},"6":{"start":{"line":18,"column":0},"end":{"line":409,"column":4}},"7":{"start":{"line":28,"column":2},"end":{"line":28,"column":17}},"8":{"start":{"line":30,"column":2},"end":{"line":30,"column":30}},"9":{"start":{"line":31,"column":2},"end":{"line":31,"column":74}},"10":{"start":{"line":33,"column":2},"end":{"line":33,"column":20}},"11":{"start":{"line":43,"column":3},"end":{"line":45,"column":4}},"12":{"start":{"line":44,"column":4},"end":{"line":44,"column":35}},"13":{"start":{"line":56,"column":3},"end":{"line":56,"column":24}},"14":{"start":{"line":66,"column":3},"end":{"line":66,"column":33}},"15":{"start":{"line":76,"column":3},"end":{"line":76,"column":42}},"16":{"start":{"line":86,"column":3},"end":{"line":86,"column":26}},"17":{"start":{"line":96,"column":3},"end":{"line":96,"column":33}},"18":{"start":{"line":106,"column":3},"end":{"line":106,"column":36}},"19":{"start":{"line":116,"column":3},"end":{"line":116,"column":37}},"20":{"start":{"line":126,"column":3},"end":{"line":126,"column":39}},"21":{"start":{"line":139,"column":3},"end":{"line":140,"column":11}},"22":{"start":{"line":142,"column":3},"end":{"line":142,"column":46}},"23":{"start":{"line":144,"column":3},"end":{"line":153,"column":4}},"24":{"start":{"line":145,"column":4},"end":{"line":145,"column":32}},"25":{"start":{"line":146,"column":4},"end":{"line":146,"column":41}},"26":{"start":{"line":148,"column":4},"end":{"line":152,"column":5}},"27":{"start":{"line":149,"column":5},"end":{"line":149,"column":42}},"28":{"start":{"line":151,"column":5},"end":{"line":151,"column":44}},"29":{"start":{"line":155,"column":3},"end":{"line":157,"column":4}},"30":{"start":{"line":156,"column":4},"end":{"line":156,"column":21}},"31":{"start":{"line":167,"column":3},"end":{"line":167,"column":30}},"32":{"start":{"line":196,"column":3},"end":{"line":196,"column":14}},"33":{"start":{"line":198,"column":3},"end":{"line":204,"column":4}},"34":{"start":{"line":200,"column":4},"end":{"line":200,"column":30}},"35":{"start":{"line":201,"column":4},"end":{"line":203,"column":5}},"36":{"start":{"line":202,"column":5},"end":{"line":202,"column":25}},"37":{"start":{"line":206,"column":3},"end":{"line":206,"column":16}},"38":{"start":{"line":343,"column":3},"end":{"line":347,"column":7}},"39":{"start":{"line":350,"column":3},"end":{"line":350,"column":40}},"40":{"start":{"line":351,"column":3},"end":{"line":359,"column":5}},"41":{"start":{"line":352,"column":4},"end":{"line":358,"column":7}},"42":{"start":{"line":353,"column":5},"end":{"line":353,"column":41}},"43":{"start":{"line":354,"column":5},"end":{"line":356,"column":6}},"44":{"start":{"line":355,"column":6},"end":{"line":355,"column":25}},"45":{"start":{"line":357,"column":5},"end":{"line":357,"column":39}},"46":{"start":{"line":360,"column":3},"end":{"line":360,"column":36}},"47":{"start":{"line":361,"column":3},"end":{"line":361,"column":39}},"48":{"start":{"line":362,"column":3},"end":{"line":362,"column":43}},"49":{"start":{"line":364,"column":3},"end":{"line":373,"column":12}},"50":{"start":{"line":365,"column":4},"end":{"line":365,"column":22}},"51":{"start":{"line":367,"column":4},"end":{"line":367,"column":40}},"52":{"start":{"line":368,"column":4},"end":{"line":368,"column":33}},"53":{"start":{"line":369,"column":4},"end":{"line":371,"column":5}},"54":{"start":{"line":370,"column":5},"end":{"line":370,"column":47}},"55":{"start":{"line":375,"column":3},"end":{"line":375,"column":26}},"56":{"start":{"line":386,"column":3},"end":{"line":386,"column":27}},"57":{"start":{"line":395,"column":3},"end":{"line":395,"column":29}},"58":{"start":{"line":396,"column":3},"end":{"line":398,"column":4}},"59":{"start":{"line":397,"column":4},"end":{"line":397,"column":45}},"60":{"start":{"line":411,"column":0},"end":{"line":411,"column":34}}},"branchMap":{"1":{"line":31,"type":"binary-expr","locations":[{"start":{"line":31,"column":58},"end":{"line":31,"column":65}},{"start":{"line":31,"column":69},"end":{"line":31,"column":71}}]},"2":{"line":43,"type":"if","locations":[{"start":{"line":43,"column":3},"end":{"line":43,"column":3}},{"start":{"line":43,"column":3},"end":{"line":43,"column":3}}]},"3":{"line":144,"type":"if","locations":[{"start":{"line":144,"column":3},"end":{"line":144,"column":3}},{"start":{"line":144,"column":3},"end":{"line":144,"column":3}}]},"4":{"line":148,"type":"if","locations":[{"start":{"line":148,"column":4},"end":{"line":148,"column":4}},{"start":{"line":148,"column":4},"end":{"line":148,"column":4}}]},"5":{"line":155,"type":"if","locations":[{"start":{"line":155,"column":3},"end":{"line":155,"column":3}},{"start":{"line":155,"column":3},"end":{"line":155,"column":3}}]},"6":{"line":155,"type":"binary-expr","locations":[{"start":{"line":155,"column":7},"end":{"line":155,"column":26}},{"start":{"line":155,"column":30},"end":{"line":155,"column":55}}]},"7":{"line":198,"type":"if","locations":[{"start":{"line":198,"column":3},"end":{"line":198,"column":3}},{"start":{"line":198,"column":3},"end":{"line":198,"column":3}}]},"8":{"line":198,"type":"binary-expr","locations":[{"start":{"line":198,"column":7},"end":{"line":198,"column":26}},{"start":{"line":198,"column":30},"end":{"line":198,"column":56}}]},"9":{"line":201,"type":"if","locations":[{"start":{"line":201,"column":4},"end":{"line":201,"column":4}},{"start":{"line":201,"column":4},"end":{"line":201,"column":4}}]},"10":{"line":354,"type":"if","locations":[{"start":{"line":354,"column":5},"end":{"line":354,"column":5}},{"start":{"line":354,"column":5},"end":{"line":354,"column":5}}]},"11":{"line":369,"type":"if","locations":[{"start":{"line":369,"column":4},"end":{"line":369,"column":4}},{"start":{"line":369,"column":4},"end":{"line":369,"column":4}}]},"12":{"line":370,"type":"binary-expr","locations":[{"start":{"line":370,"column":28},"end":{"line":370,"column":39}},{"start":{"line":370,"column":43},"end":{"line":370,"column":45}}]},"13":{"line":396,"type":"if","locations":[{"start":{"line":396,"column":3},"end":{"line":396,"column":3}},{"start":{"line":396,"column":3},"end":{"line":396,"column":3}}]}}},"/Users/erz/test/preceptor-reporter/lib/defaults/reporter.js":{"path":"/Users/erz/test/preceptor-reporter/lib/defaults/reporter.js","s":{"1":1,"2":1},"b":{},"f":{},"fnMap":{},"statementMap":{"1":{"start":{"line":4,"column":0},"end":{"line":11,"column":2}},"2":{"start":{"line":13,"column":0},"end":{"line":13,"column":26}}},"branchMap":{}},"/Users/erz/test/preceptor-reporter/lib/abstractListener.js":{"path":"/Users/erz/test/preceptor-reporter/lib/abstractListener.js","s":{"1":1,"2":1,"3":1,"4":1,"5":1,"6":2,"7":2,"8":2,"9":93,"10":1,"11":92,"12":81,"13":0,"14":92,"15":92,"16":0,"17":0,"18":0,"19":92,"20":92,"21":92,"22":0,"23":92,"24":1},"b":{"1":[2,0],"2":[0,92]},"f":{"1":2,"2":2,"3":93,"4":1,"5":92,"6":81,"7":0,"8":92,"9":0,"10":0},"fnMap":{"1":{"name":"(anonymous_1)","line":29,"loc":{"start":{"line":29,"column":1},"end":{"line":29,"column":20}}},"2":{"name":"(anonymous_2)","line":41,"loc":{"start":{"line":41,"column":14},"end":{"line":41,"column":26}}},"3":{"name":"(anonymous_3)","line":52,"loc":{"start":{"line":52,"column":14},"end":{"line":52,"column":26}}},"4":{"name":"(anonymous_4)","line":63,"loc":{"start":{"line":63,"column":20},"end":{"line":63,"column":32}}},"5":{"name":"(anonymous_5)","line":73,"loc":{"start":{"line":73,"column":18},"end":{"line":73,"column":30}}},"6":{"name":"(anonymous_6)","line":85,"loc":{"start":{"line":85,"column":18},"end":{"line":85,"column":47}}},"7":{"name":"(anonymous_7)","line":98,"loc":{"start":{"line":98,"column":9},"end":{"line":98,"column":38}}},"8":{"name":"(anonymous_8)","line":111,"loc":{"start":{"line":111,"column":22},"end":{"line":111,"column":51}}},"9":{"name":"(anonymous_9)","line":119,"loc":{"start":{"line":119,"column":17},"end":{"line":119,"column":32}}},"10":{"name":"(anonymous_10)","line":127,"loc":{"start":{"line":127,"column":16},"end":{"line":127,"column":31}}}},"statementMap":{"1":{"start":{"line":4,"column":0},"end":{"line":4,"column":42}},"2":{"start":{"line":5,"column":0},"end":{"line":5,"column":44}},"3":{"start":{"line":6,"column":0},"end":{"line":6,"column":30}},"4":{"start":{"line":8,"column":0},"end":{"line":8,"column":54}},"5":{"start":{"line":19,"column":0},"end":{"line":142,"column":4}},"6":{"start":{"line":30,"column":2},"end":{"line":30,"column":17}},"7":{"start":{"line":32,"column":2},"end":{"line":32,"column":74}},"8":{"start":{"line":34,"column":2},"end":{"line":34,"column":20}},"9":{"start":{"line":53,"column":3},"end":{"line":53,"column":24}},"10":{"start":{"line":64,"column":3},"end":{"line":64,"column":42}},"11":{"start":{"line":74,"column":3},"end":{"line":74,"column":40}},"12":{"start":{"line":86,"column":3},"end":{"line":86,"column":43}},"13":{"start":{"line":99,"column":3},"end":{"line":99,"column":63}},"14":{"start":{"line":112,"column":3},"end":{"line":114,"column":21}},"15":{"start":{"line":117,"column":3},"end":{"line":122,"column":4}},"16":{"start":{"line":118,"column":4},"end":{"line":118,"column":31}},"17":{"start":{"line":119,"column":4},"end":{"line":121,"column":7}},"18":{"start":{"line":120,"column":5},"end":{"line":120,"column":58}},"19":{"start":{"line":125,"column":3},"end":{"line":125,"column":44}},"20":{"start":{"line":126,"column":3},"end":{"line":126,"column":35}},"21":{"start":{"line":127,"column":3},"end":{"line":129,"column":6}},"22":{"start":{"line":128,"column":4},"end":{"line":128,"column":62}},"23":{"start":{"line":131,"column":3},"end":{"line":131,"column":20}},"24":{"start":{"line":144,"column":0},"end":{"line":144,"column":34}}},"branchMap":{"1":{"line":32,"type":"binary-expr","locations":[{"start":{"line":32,"column":58},"end":{"line":32,"column":65}},{"start":{"line":32,"column":69},"end":{"line":32,"column":71}}]},"2":{"line":117,"type":"if","locations":[{"start":{"line":117,"column":3},"end":{"line":117,"column":3}},{"start":{"line":117,"column":3},"end":{"line":117,"column":3}}]}}},"/Users/erz/test/preceptor-reporter/lib/defaults/listener.js":{"path":"/Users/erz/test/preceptor-reporter/lib/defaults/listener.js","s":{"1":1,"2":1},"b":{},"f":{},"fnMap":{},"statementMap":{"1":{"start":{"line":4,"column":0},"end":{"line":8,"column":2}},"2":{"start":{"line":10,"column":0},"end":{"line":10,"column":26}}},"branchMap":{}},"/Users/erz/test/preceptor-reporter/lib/abstractMessenger.js":{"path":"/Users/erz/test/preceptor-reporter/lib/abstractMessenger.js","s":{"1":1,"2":1,"3":1,"4":1,"5":6,"6":6,"7":6,"8":118,"9":118,"10":118,"11":118,"12":24,"13":24,"14":1},"b":{"1":[6,3],"2":[118,25],"3":[24,94]},"f":{"1":6,"2":6,"3":118,"4":118,"5":118,"6":24},"fnMap":{"1":{"name":"(anonymous_1)","line":26,"loc":{"start":{"line":26,"column":1},"end":{"line":26,"column":20}}},"2":{"name":"(anonymous_2)","line":40,"loc":{"start":{"line":40,"column":14},"end":{"line":40,"column":26}}},"3":{"name":"(anonymous_3)","line":51,"loc":{"start":{"line":51,"column":14},"end":{"line":51,"column":26}}},"4":{"name":"(anonymous_4)","line":61,"loc":{"start":{"line":61,"column":16},"end":{"line":61,"column":28}}},"5":{"name":"(anonymous_5)","line":73,"loc":{"start":{"line":73,"column":11},"end":{"line":73,"column":35}}},"6":{"name":"(anonymous_6)","line":88,"loc":{"start":{"line":88,"column":10},"end":{"line":88,"column":26}}}},"statementMap":{"1":{"start":{"line":4,"column":0},"end":{"line":4,"column":42}},"2":{"start":{"line":5,"column":0},"end":{"line":5,"column":44}},"3":{"start":{"line":7,"column":0},"end":{"line":7,"column":56}},"4":{"start":{"line":19,"column":0},"end":{"line":100,"column":4}},"5":{"start":{"line":27,"column":2},"end":{"line":27,"column":17}},"6":{"start":{"line":29,"column":2},"end":{"line":29,"column":75}},"7":{"start":{"line":31,"column":2},"end":{"line":31,"column":20}},"8":{"start":{"line":52,"column":3},"end":{"line":52,"column":24}},"9":{"start":{"line":62,"column":3},"end":{"line":62,"column":37}},"10":{"start":{"line":75,"column":3},"end":{"line":75,"column":44}},"11":{"start":{"line":77,"column":3},"end":{"line":79,"column":4}},"12":{"start":{"line":78,"column":4},"end":{"line":78,"column":21}},"13":{"start":{"line":89,"column":3},"end":{"line":89,"column":30}},"14":{"start":{"line":102,"column":0},"end":{"line":102,"column":35}}},"branchMap":{"1":{"line":29,"type":"binary-expr","locations":[{"start":{"line":29,"column":59},"end":{"line":29,"column":66}},{"start":{"line":29,"column":70},"end":{"line":29,"column":72}}]},"2":{"line":75,"type":"binary-expr","locations":[{"start":{"line":75,"column":29},"end":{"line":75,"column":36}},{"start":{"line":75,"column":40},"end":{"line":75,"column":42}}]},"3":{"line":77,"type":"if","locations":[{"start":{"line":77,"column":3},"end":{"line":77,"column":3}},{"start":{"line":77,"column":3},"end":{"line":77,"column":3}}]}}},"/Users/erz/test/preceptor-reporter/lib/defaults/messenger.js":{"path":"/Users/erz/test/preceptor-reporter/lib/defaults/messenger.js","s":{"1":1,"2":1},"b":{},"f":{},"fnMap":{},"statementMap":{"1":{"start":{"line":4,"column":0},"end":{"line":7,"column":2}},"2":{"start":{"line":9,"column":0},"end":{"line":9,"column":26}}},"branchMap":{}},"/Users/erz/test/preceptor-reporter/lib/reporter/dot.js":{"path":"/Users/erz/test/preceptor-reporter/lib/reporter/dot.js","s":{"1":1,"2":1,"3":2,"4":2,"5":2,"6":2,"7":2,"8":2,"9":2,"10":4,"11":4,"12":4,"13":4,"14":4,"15":4,"16":4,"17":4,"18":4,"19":4,"20":4,"21":4,"22":8,"23":8,"24":8,"25":8,"26":8,"27":8,"28":4,"29":4,"30":4,"31":4,"32":4,"33":4,"34":6,"35":6,"36":6,"37":6,"38":6,"39":6,"40":4,"41":4,"42":4,"43":4,"44":4,"45":4,"46":1},"b":{"1":[2,0],"2":[2,0],"3":[4,0],"4":[4,0],"5":[8,0],"6":[4,0],"7":[6,0],"8":[4,0]},"f":{"1":2,"2":2,"3":4,"4":4,"5":8,"6":4,"7":6,"8":4},"fnMap":{"1":{"name":"(anonymous_1)","line":19,"loc":{"start":{"line":19,"column":14},"end":{"line":19,"column":26}}},"2":{"name":"(anonymous_2)","line":36,"loc":{"start":{"line":36,"column":8},"end":{"line":36,"column":20}}},"3":{"name":"(anonymous_3)","line":50,"loc":{"start":{"line":50,"column":14},"end":{"line":50,"column":45}}},"4":{"name":"(anonymous_4)","line":71,"loc":{"start":{"line":71,"column":13},"end":{"line":71,"column":44}}},"5":{"name":"(anonymous_5)","line":90,"loc":{"start":{"line":90,"column":14},"end":{"line":90,"column":28}}},"6":{"name":"(anonymous_6)","line":109,"loc":{"start":{"line":109,"column":17},"end":{"line":109,"column":31}}},"7":{"name":"(anonymous_7)","line":129,"loc":{"start":{"line":129,"column":15},"end":{"line":129,"column":37}}},"8":{"name":"(anonymous_8)","line":148,"loc":{"start":{"line":148,"column":18},"end":{"line":148,"column":32}}}},"statementMap":{"1":{"start":{"line":4,"column":0},"end":{"line":4,"column":54}},"2":{"start":{"line":11,"column":0},"end":{"line":160,"column":4}},"3":{"start":{"line":20,"column":3},"end":{"line":20,"column":18}},"4":{"start":{"line":22,"column":3},"end":{"line":24,"column":4}},"5":{"start":{"line":23,"column":4},"end":{"line":23,"column":38}},"6":{"start":{"line":25,"column":3},"end":{"line":27,"column":4}},"7":{"start":{"line":26,"column":4},"end":{"line":26,"column":36}},"8":{"start":{"line":37,"column":3},"end":{"line":37,"column":18}},"9":{"start":{"line":38,"column":3},"end":{"line":38,"column":43}},"10":{"start":{"line":51,"column":3},"end":{"line":51,"column":28}},"11":{"start":{"line":53,"column":3},"end":{"line":53,"column":37}},"12":{"start":{"line":55,"column":3},"end":{"line":58,"column":4}},"13":{"start":{"line":56,"column":4},"end":{"line":56,"column":23}},"14":{"start":{"line":57,"column":4},"end":{"line":57,"column":20}},"15":{"start":{"line":60,"column":3},"end":{"line":61,"column":2}},"16":{"start":{"line":72,"column":3},"end":{"line":72,"column":28}},"17":{"start":{"line":74,"column":3},"end":{"line":74,"column":37}},"18":{"start":{"line":76,"column":3},"end":{"line":79,"column":4}},"19":{"start":{"line":77,"column":4},"end":{"line":77,"column":23}},"20":{"start":{"line":78,"column":4},"end":{"line":78,"column":20}},"21":{"start":{"line":81,"column":3},"end":{"line":82,"column":2}},"22":{"start":{"line":91,"column":3},"end":{"line":91,"column":28}},"23":{"start":{"line":93,"column":3},"end":{"line":93,"column":20}},"24":{"start":{"line":95,"column":3},"end":{"line":98,"column":4}},"25":{"start":{"line":96,"column":4},"end":{"line":96,"column":23}},"26":{"start":{"line":97,"column":4},"end":{"line":97,"column":20}},"27":{"start":{"line":100,"column":3},"end":{"line":101,"column":2}},"28":{"start":{"line":110,"column":3},"end":{"line":110,"column":28}},"29":{"start":{"line":112,"column":3},"end":{"line":112,"column":20}},"30":{"start":{"line":114,"column":3},"end":{"line":117,"column":4}},"31":{"start":{"line":115,"column":4},"end":{"line":115,"column":23}},"32":{"start":{"line":116,"column":4},"end":{"line":116,"column":20}},"33":{"start":{"line":119,"column":3},"end":{"line":120,"column":2}},"34":{"start":{"line":130,"column":3},"end":{"line":130,"column":28}},"35":{"start":{"line":132,"column":3},"end":{"line":132,"column":28}},"36":{"start":{"line":134,"column":3},"end":{"line":137,"column":4}},"37":{"start":{"line":135,"column":4},"end":{"line":135,"column":23}},"38":{"start":{"line":136,"column":4},"end":{"line":136,"column":20}},"39":{"start":{"line":139,"column":3},"end":{"line":140,"column":2}},"40":{"start":{"line":149,"column":3},"end":{"line":149,"column":28}},"41":{"start":{"line":151,"column":3},"end":{"line":151,"column":20}},"42":{"start":{"line":153,"column":3},"end":{"line":156,"column":4}},"43":{"start":{"line":154,"column":4},"end":{"line":154,"column":23}},"44":{"start":{"line":155,"column":4},"end":{"line":155,"column":20}},"45":{"start":{"line":158,"column":3},"end":{"line":159,"column":2}},"46":{"start":{"line":162,"column":0},"end":{"line":162,"column":29}}},"branchMap":{"1":{"line":22,"type":"if","locations":[{"start":{"line":22,"column":3},"end":{"line":22,"column":3}},{"start":{"line":22,"column":3},"end":{"line":22,"column":3}}]},"2":{"line":25,"type":"if","locations":[{"start":{"line":25,"column":3},"end":{"line":25,"column":3}},{"start":{"line":25,"column":3},"end":{"line":25,"column":3}}]},"3":{"line":55,"type":"if","locations":[{"start":{"line":55,"column":3},"end":{"line":55,"column":3}},{"start":{"line":55,"column":3},"end":{"line":55,"column":3}}]},"4":{"line":76,"type":"if","locations":[{"start":{"line":76,"column":3},"end":{"line":76,"column":3}},{"start":{"line":76,"column":3},"end":{"line":76,"column":3}}]},"5":{"line":95,"type":"if","locations":[{"start":{"line":95,"column":3},"end":{"line":95,"column":3}},{"start":{"line":95,"column":3},"end":{"line":95,"column":3}}]},"6":{"line":114,"type":"if","locations":[{"start":{"line":114,"column":3},"end":{"line":114,"column":3}},{"start":{"line":114,"column":3},"end":{"line":114,"column":3}}]},"7":{"line":134,"type":"if","locations":[{"start":{"line":134,"column":3},"end":{"line":134,"column":3}},{"start":{"line":134,"column":3},"end":{"line":134,"column":3}}]},"8":{"line":153,"type":"if","locations":[{"start":{"line":153,"column":3},"end":{"line":153,"column":3}},{"start":{"line":153,"column":3},"end":{"line":153,"column":3}}]}}},"/Users/erz/test/preceptor-reporter/lib/reporter/duration.js":{"path":"/Users/erz/test/preceptor-reporter/lib/reporter/duration.js","s":{"1":1,"2":1,"3":2,"4":2,"5":2,"6":2,"7":2,"8":2,"9":2,"10":2,"11":2,"12":2,"13":2,"14":0,"15":0,"16":0,"17":2,"18":1},"b":{"1":[2,0],"2":[2,0],"3":[2,0],"4":[0,0]},"f":{"1":2,"2":2},"fnMap":{"1":{"name":"(anonymous_1)","line":19,"loc":{"start":{"line":19,"column":14},"end":{"line":19,"column":26}}},"2":{"name":"(anonymous_2)","line":36,"loc":{"start":{"line":36,"column":8},"end":{"line":36,"column":20}}}},"statementMap":{"1":{"start":{"line":4,"column":0},"end":{"line":4,"column":54}},"2":{"start":{"line":11,"column":0},"end":{"line":56,"column":4}},"3":{"start":{"line":20,"column":3},"end":{"line":20,"column":18}},"4":{"start":{"line":22,"column":3},"end":{"line":24,"column":4}},"5":{"start":{"line":23,"column":4},"end":{"line":23,"column":39}},"6":{"start":{"line":25,"column":3},"end":{"line":27,"column":4}},"7":{"start":{"line":26,"column":4},"end":{"line":26,"column":36}},"8":{"start":{"line":38,"column":3},"end":{"line":39,"column":9}},"9":{"start":{"line":41,"column":3},"end":{"line":41,"column":18}},"10":{"start":{"line":43,"column":3},"end":{"line":43,"column":40}},"11":{"start":{"line":45,"column":3},"end":{"line":45,"column":24}},"12":{"start":{"line":46,"column":3},"end":{"line":52,"column":4}},"13":{"start":{"line":47,"column":4},"end":{"line":47,"column":28}},"14":{"start":{"line":48,"column":10},"end":{"line":52,"column":4}},"15":{"start":{"line":49,"column":4},"end":{"line":49,"column":38}},"16":{"start":{"line":51,"column":4},"end":{"line":51,"column":55}},"17":{"start":{"line":54,"column":3},"end":{"line":54,"column":61}},"18":{"start":{"line":58,"column":0},"end":{"line":58,"column":34}}},"branchMap":{"1":{"line":22,"type":"if","locations":[{"start":{"line":22,"column":3},"end":{"line":22,"column":3}},{"start":{"line":22,"column":3},"end":{"line":22,"column":3}}]},"2":{"line":25,"type":"if","locations":[{"start":{"line":25,"column":3},"end":{"line":25,"column":3}},{"start":{"line":25,"column":3},"end":{"line":25,"column":3}}]},"3":{"line":46,"type":"if","locations":[{"start":{"line":46,"column":3},"end":{"line":46,"column":3}},{"start":{"line":46,"column":3},"end":{"line":46,"column":3}}]},"4":{"line":48,"type":"if","locations":[{"start":{"line":48,"column":10},"end":{"line":48,"column":10}},{"start":{"line":48,"column":10},"end":{"line":48,"column":10}}]}}},"/Users/erz/test/preceptor-reporter/lib/reporter/jenkinsSauceLabs.js":{"path":"/Users/erz/test/preceptor-reporter/lib/reporter/jenkinsSauceLabs.js","s":{"1":1,"2":1,"3":1,"4":1,"5":1,"6":1,"7":1,"8":1,"9":1,"10":1,"11":1,"12":1,"13":1,"14":1,"15":1,"16":1,"17":1,"18":1,"19":1,"20":0,"21":1,"22":1,"23":1,"24":1,"25":1,"26":1,"27":1,"28":1,"29":1,"30":0,"31":0,"32":1,"33":1,"34":1,"35":1,"36":1,"37":1,"38":0,"39":1,"40":0,"41":1,"42":1},"b":{"1":[1,0],"2":[1,0],"3":[1,0],"4":[1,0],"5":[1,1],"6":[1,0],"7":[0,1],"8":[1,0],"9":[1,0],"10":[1,1],"11":[1,0],"12":[0,1],"13":[0,0],"14":[0,0],"15":[0,1],"16":[0,1]},"f":{"1":1,"2":1,"3":1,"4":1,"5":1},"fnMap":{"1":{"name":"(anonymous_1)","line":22,"loc":{"start":{"line":22,"column":14},"end":{"line":22,"column":26}}},"2":{"name":"(anonymous_2)","line":26,"loc":{"start":{"line":26,"column":33},"end":{"line":26,"column":58}}},"3":{"name":"(anonymous_3)","line":49,"loc":{"start":{"line":49,"column":16},"end":{"line":49,"column":28}}},"4":{"name":"(anonymous_4)","line":80,"loc":{"start":{"line":80,"column":14},"end":{"line":80,"column":26}}},"5":{"name":"(anonymous_5)","line":108,"loc":{"start":{"line":108,"column":8},"end":{"line":108,"column":20}}}},"statementMap":{"1":{"start":{"line":4,"column":0},"end":{"line":4,"column":54}},"2":{"start":{"line":5,"column":0},"end":{"line":5,"column":73}},"3":{"start":{"line":14,"column":0},"end":{"line":129,"column":4}},"4":{"start":{"line":23,"column":3},"end":{"line":23,"column":18}},"5":{"start":{"line":25,"column":3},"end":{"line":25,"column":53}},"6":{"start":{"line":26,"column":3},"end":{"line":28,"column":17}},"7":{"start":{"line":27,"column":4},"end":{"line":27,"column":52}},"8":{"start":{"line":30,"column":3},"end":{"line":32,"column":4}},"9":{"start":{"line":31,"column":4},"end":{"line":31,"column":39}},"10":{"start":{"line":33,"column":3},"end":{"line":35,"column":4}},"11":{"start":{"line":34,"column":4},"end":{"line":34,"column":36}},"12":{"start":{"line":50,"column":3},"end":{"line":51,"column":9}},"13":{"start":{"line":53,"column":3},"end":{"line":58,"column":4}},"14":{"start":{"line":54,"column":4},"end":{"line":54,"column":41}},"15":{"start":{"line":55,"column":4},"end":{"line":57,"column":5}},"16":{"start":{"line":56,"column":5},"end":{"line":56,"column":37}},"17":{"start":{"line":59,"column":3},"end":{"line":61,"column":4}},"18":{"start":{"line":60,"column":4},"end":{"line":60,"column":50}},"19":{"start":{"line":62,"column":3},"end":{"line":64,"column":4}},"20":{"start":{"line":63,"column":4},"end":{"line":63,"column":48}},"21":{"start":{"line":66,"column":3},"end":{"line":66,"column":20}},"22":{"start":{"line":81,"column":3},"end":{"line":82,"column":9}},"23":{"start":{"line":84,"column":3},"end":{"line":89,"column":4}},"24":{"start":{"line":85,"column":4},"end":{"line":85,"column":41}},"25":{"start":{"line":86,"column":4},"end":{"line":88,"column":5}},"26":{"start":{"line":87,"column":5},"end":{"line":87,"column":35}},"27":{"start":{"line":90,"column":3},"end":{"line":92,"column":4}},"28":{"start":{"line":91,"column":4},"end":{"line":91,"column":48}},"29":{"start":{"line":93,"column":3},"end":{"line":97,"column":4}},"30":{"start":{"line":94,"column":4},"end":{"line":96,"column":5}},"31":{"start":{"line":95,"column":5},"end":{"line":95,"column":78}},"32":{"start":{"line":99,"column":3},"end":{"line":99,"column":20}},"33":{"start":{"line":110,"column":3},"end":{"line":111,"column":12}},"34":{"start":{"line":113,"column":3},"end":{"line":113,"column":18}},"35":{"start":{"line":116,"column":3},"end":{"line":116,"column":35}},"36":{"start":{"line":117,"column":3},"end":{"line":117,"column":31}},"37":{"start":{"line":119,"column":3},"end":{"line":127,"column":4}},"38":{"start":{"line":120,"column":4},"end":{"line":120,"column":46}},"39":{"start":{"line":122,"column":10},"end":{"line":127,"column":4}},"40":{"start":{"line":123,"column":4},"end":{"line":123,"column":44}},"41":{"start":{"line":126,"column":4},"end":{"line":126,"column":88}},"42":{"start":{"line":131,"column":0},"end":{"line":131,"column":42}}},"branchMap":{"1":{"line":30,"type":"if","locations":[{"start":{"line":30,"column":3},"end":{"line":30,"column":3}},{"start":{"line":30,"column":3},"end":{"line":30,"column":3}}]},"2":{"line":33,"type":"if","locations":[{"start":{"line":33,"column":3},"end":{"line":33,"column":3}},{"start":{"line":33,"column":3},"end":{"line":33,"column":3}}]},"3":{"line":53,"type":"if","locations":[{"start":{"line":53,"column":3},"end":{"line":53,"column":3}},{"start":{"line":53,"column":3},"end":{"line":53,"column":3}}]},"4":{"line":55,"type":"if","locations":[{"start":{"line":55,"column":4},"end":{"line":55,"column":4}},{"start":{"line":55,"column":4},"end":{"line":55,"column":4}}]},"5":{"line":55,"type":"binary-expr","locations":[{"start":{"line":55,"column":8},"end":{"line":55,"column":12}},{"start":{"line":55,"column":16},"end":{"line":55,"column":25}}]},"6":{"line":59,"type":"if","locations":[{"start":{"line":59,"column":3},"end":{"line":59,"column":3}},{"start":{"line":59,"column":3},"end":{"line":59,"column":3}}]},"7":{"line":62,"type":"if","locations":[{"start":{"line":62,"column":3},"end":{"line":62,"column":3}},{"start":{"line":62,"column":3},"end":{"line":62,"column":3}}]},"8":{"line":84,"type":"if","locations":[{"start":{"line":84,"column":3},"end":{"line":84,"column":3}},{"start":{"line":84,"column":3},"end":{"line":84,"column":3}}]},"9":{"line":86,"type":"if","locations":[{"start":{"line":86,"column":4},"end":{"line":86,"column":4}},{"start":{"line":86,"column":4},"end":{"line":86,"column":4}}]},"10":{"line":86,"type":"binary-expr","locations":[{"start":{"line":86,"column":8},"end":{"line":86,"column":12}},{"start":{"line":86,"column":16},"end":{"line":86,"column":25}}]},"11":{"line":90,"type":"if","locations":[{"start":{"line":90,"column":3},"end":{"line":90,"column":3}},{"start":{"line":90,"column":3},"end":{"line":90,"column":3}}]},"12":{"line":93,"type":"if","locations":[{"start":{"line":93,"column":3},"end":{"line":93,"column":3}},{"start":{"line":93,"column":3},"end":{"line":93,"column":3}}]},"13":{"line":94,"type":"if","locations":[{"start":{"line":94,"column":4},"end":{"line":94,"column":4}},{"start":{"line":94,"column":4},"end":{"line":94,"column":4}}]},"14":{"line":94,"type":"binary-expr","locations":[{"start":{"line":94,"column":8},"end":{"line":94,"column":28}},{"start":{"line":94,"column":32},"end":{"line":94,"column":56}}]},"15":{"line":119,"type":"if","locations":[{"start":{"line":119,"column":3},"end":{"line":119,"column":3}},{"start":{"line":119,"column":3},"end":{"line":119,"column":3}}]},"16":{"line":122,"type":"if","locations":[{"start":{"line":122,"column":10},"end":{"line":122,"column":10}},{"start":{"line":122,"column":10},"end":{"line":122,"column":10}}]}}},"/Users/erz/test/preceptor-reporter/lib/messenger/jenkinsSauceLabs.js":{"path":"/Users/erz/test/preceptor-reporter/lib/messenger/jenkinsSauceLabs.js","s":{"1":1,"2":1,"3":2,"4":1},"b":{},"f":{"1":2},"fnMap":{"1":{"name":"(anonymous_1)","line":22,"loc":{"start":{"line":22,"column":17},"end":{"line":22,"column":56}}}},"statementMap":{"1":{"start":{"line":4,"column":0},"end":{"line":4,"column":56}},"2":{"start":{"line":11,"column":0},"end":{"line":25,"column":4}},"3":{"start":{"line":23,"column":3},"end":{"line":23,"column":96}},"4":{"start":{"line":27,"column":0},"end":{"line":27,"column":43}}},"branchMap":{}},"/Users/erz/test/preceptor-reporter/lib/reporter/json.js":{"path":"/Users/erz/test/preceptor-reporter/lib/reporter/json.js","s":{"1":1,"2":1,"3":3,"4":3,"5":3,"6":3,"7":0,"8":4,"9":1},"b":{"1":[3,0],"2":[0,3]},"f":{"1":3,"2":4},"fnMap":{"1":{"name":"(anonymous_1)","line":19,"loc":{"start":{"line":19,"column":14},"end":{"line":19,"column":26}}},"2":{"name":"(anonymous_2)","line":37,"loc":{"start":{"line":37,"column":13},"end":{"line":37,"column":25}}}},"statementMap":{"1":{"start":{"line":4,"column":0},"end":{"line":4,"column":54}},"2":{"start":{"line":11,"column":0},"end":{"line":40,"column":4}},"3":{"start":{"line":20,"column":3},"end":{"line":20,"column":18}},"4":{"start":{"line":22,"column":3},"end":{"line":24,"column":4}},"5":{"start":{"line":23,"column":4},"end":{"line":23,"column":39}},"6":{"start":{"line":25,"column":3},"end":{"line":27,"column":4}},"7":{"start":{"line":26,"column":4},"end":{"line":26,"column":37}},"8":{"start":{"line":38,"column":3},"end":{"line":38,"column":72}},"9":{"start":{"line":42,"column":0},"end":{"line":42,"column":30}}},"branchMap":{"1":{"line":22,"type":"if","locations":[{"start":{"line":22,"column":3},"end":{"line":22,"column":3}},{"start":{"line":22,"column":3},"end":{"line":22,"column":3}}]},"2":{"line":25,"type":"if","locations":[{"start":{"line":25,"column":3},"end":{"line":25,"column":3}},{"start":{"line":25,"column":3},"end":{"line":25,"column":3}}]}}},"/Users/erz/test/preceptor-reporter/lib/reporter/junit.js":{"path":"/Users/erz/test/preceptor-reporter/lib/reporter/junit.js","s":{"1":1,"2":1,"3":1,"4":1,"5":1,"6":1,"7":1,"8":1,"9":1,"10":0,"11":2,"12":2,"13":2,"14":2,"15":2,"16":40,"17":40,"18":2,"19":2,"20":2,"21":38,"22":8,"23":8,"24":8,"25":36,"26":30,"27":30,"28":30,"29":6,"30":24,"31":4,"32":20,"33":4,"34":16,"35":4,"36":12,"37":4,"38":30,"39":1},"b":{"1":[1,0],"2":[0,1],"3":[2,38],"4":[8,30],"5":[30,0],"6":[6,24],"7":[4,20],"8":[4,16],"9":[4,12],"10":[4,8]},"f":{"1":1,"2":2,"3":40,"4":2,"5":36},"fnMap":{"1":{"name":"(anonymous_1)","line":22,"loc":{"start":{"line":22,"column":14},"end":{"line":22,"column":26}}},"2":{"name":"(anonymous_2)","line":40,"loc":{"start":{"line":40,"column":13},"end":{"line":40,"column":25}}},"3":{"name":"(anonymous_3)","line":61,"loc":{"start":{"line":61,"column":21},"end":{"line":61,"column":62}}},"4":{"name":"(anonymous_4)","line":80,"loc":{"start":{"line":80,"column":35},"end":{"line":80,"column":52}}},"5":{"name":"(anonymous_5)","line":103,"loc":{"start":{"line":103,"column":35},"end":{"line":103,"column":52}}}},"statementMap":{"1":{"start":{"line":4,"column":0},"end":{"line":4,"column":54}},"2":{"start":{"line":5,"column":0},"end":{"line":5,"column":36}},"3":{"start":{"line":6,"column":0},"end":{"line":6,"column":30}},"4":{"start":{"line":7,"column":0},"end":{"line":7,"column":23}},"5":{"start":{"line":14,"column":0},"end":{"line":149,"column":4}},"6":{"start":{"line":23,"column":3},"end":{"line":23,"column":18}},"7":{"start":{"line":25,"column":3},"end":{"line":27,"column":4}},"8":{"start":{"line":26,"column":4},"end":{"line":26,"column":39}},"9":{"start":{"line":28,"column":3},"end":{"line":30,"column":4}},"10":{"start":{"line":29,"column":4},"end":{"line":29,"column":37}},"11":{"start":{"line":41,"column":3},"end":{"line":43,"column":10}},"12":{"start":{"line":45,"column":3},"end":{"line":45,"column":63}},"13":{"start":{"line":47,"column":3},"end":{"line":47,"column":32}},"14":{"start":{"line":48,"column":3},"end":{"line":48,"column":46}},"15":{"start":{"line":50,"column":3},"end":{"line":50,"column":17}},"16":{"start":{"line":63,"column":3},"end":{"line":64,"column":12}},"17":{"start":{"line":66,"column":3},"end":{"line":147,"column":4}},"18":{"start":{"line":69,"column":4},"end":{"line":77,"column":6}},"19":{"start":{"line":80,"column":4},"end":{"line":82,"column":13}},"20":{"start":{"line":81,"column":5},"end":{"line":81,"column":62}},"21":{"start":{"line":84,"column":10},"end":{"line":147,"column":4}},"22":{"start":{"line":86,"column":4},"end":{"line":97,"column":6}},"23":{"start":{"line":100,"column":4},"end":{"line":100,"column":57}},"24":{"start":{"line":103,"column":4},"end":{"line":105,"column":13}},"25":{"start":{"line":104,"column":5},"end":{"line":104,"column":44}},"26":{"start":{"line":107,"column":10},"end":{"line":147,"column":4}},"27":{"start":{"line":109,"column":4},"end":{"line":112,"column":6}},"28":{"start":{"line":114,"column":4},"end":{"line":143,"column":5}},"29":{"start":{"line":115,"column":5},"end":{"line":118,"column":7}},"30":{"start":{"line":120,"column":11},"end":{"line":143,"column":5}},"31":{"start":{"line":121,"column":5},"end":{"line":124,"column":7}},"32":{"start":{"line":126,"column":11},"end":{"line":143,"column":5}},"33":{"start":{"line":127,"column":5},"end":{"line":130,"column":7}},"34":{"start":{"line":132,"column":11},"end":{"line":143,"column":5}},"35":{"start":{"line":133,"column":5},"end":{"line":136,"column":7}},"36":{"start":{"line":138,"column":11},"end":{"line":143,"column":5}},"37":{"start":{"line":139,"column":5},"end":{"line":142,"column":7}},"38":{"start":{"line":146,"column":4},"end":{"line":146,"column":56}},"39":{"start":{"line":151,"column":0},"end":{"line":151,"column":31}}},"branchMap":{"1":{"line":25,"type":"if","locations":[{"start":{"line":25,"column":3},"end":{"line":25,"column":3}},{"start":{"line":25,"column":3},"end":{"line":25,"column":3}}]},"2":{"line":28,"type":"if","locations":[{"start":{"line":28,"column":3},"end":{"line":28,"column":3}},{"start":{"line":28,"column":3},"end":{"line":28,"column":3}}]},"3":{"line":66,"type":"if","locations":[{"start":{"line":66,"column":3},"end":{"line":66,"column":3}},{"start":{"line":66,"column":3},"end":{"line":66,"column":3}}]},"4":{"line":84,"type":"if","locations":[{"start":{"line":84,"column":10},"end":{"line":84,"column":10}},{"start":{"line":84,"column":10},"end":{"line":84,"column":10}}]},"5":{"line":107,"type":"if","locations":[{"start":{"line":107,"column":10},"end":{"line":107,"column":10}},{"start":{"line":107,"column":10},"end":{"line":107,"column":10}}]},"6":{"line":114,"type":"if","locations":[{"start":{"line":114,"column":4},"end":{"line":114,"column":4}},{"start":{"line":114,"column":4},"end":{"line":114,"column":4}}]},"7":{"line":120,"type":"if","locations":[{"start":{"line":120,"column":11},"end":{"line":120,"column":11}},{"start":{"line":120,"column":11},
[...]
05,"column":3}}]},"12":{"line":115,"type":"if","locations":[{"start":{"line":115,"column":3},"end":{"line":115,"column":3}},{"start":{"line":115,"column":3},"end":{"line":115,"column":3}}]},"13":{"line":117,"type":"if","locations":[{"start":{"line":117,"column":10},"end":{"line":117,"column":10}},{"start":{"line":117,"column":10},"end":{"line":117,"column":10}}]},"14":{"line":138,"type":"if","locations":[{"start":{"line":138,"column":3},"end":{"line":138,"column":3}},{"start":{"line":138,"column":3},"end":{"line":138,"column":3}}]},"15":{"line":143,"type":"binary-expr","locations":[{"start":{"line":143,"column":33},"end":{"line":143,"column":46}},{"start":{"line":143,"column":50},"end":{"line":143,"column":57}}]}}},"/Users/erz/test/preceptor-reporter/lib/reporter/teamCity.js":{"path":"/Users/erz/test/preceptor-reporter/lib/reporter/teamCity.js","s":{"1":1,"2":1,"3":1,"4":1,"5":1,"6":1,"7":49,"8":1,"9":1,"10":1,"11":1,"12":4,"13":4,"14":4,"15":4,"16":15,"17":15,"18":2,"19":2,"20":2,"21":2,"22":2,"23":2,"24":2,"25":2,"26":2,"27":2,"28":4,"29":4,"30":4,"31":4,"32":2,"33":2,"34":2,"35":2,"36":2,"37":3,"38":3,"39":3,"40":3,"41":3,"42":2,"43":2,"44":2,"45":2,"46":2,"47":1},"b":{"1":[1,0],"2":[1,0]},"f":{"1":1,"2":49,"3":4,"4":4,"5":15,"6":2,"7":2,"8":4,"9":2,"10":3,"11":2},"fnMap":{"1":{"name":"(anonymous_1)","line":22,"loc":{"start":{"line":22,"column":14},"end":{"line":22,"column":26}}},"2":{"name":"(anonymous_2)","line":26,"loc":{"start":{"line":26,"column":33},"end":{"line":26,"column":58}}},"3":{"name":"(anonymous_3)","line":47,"loc":{"start":{"line":47,"column":14},"end":{"line":47,"column":49}}},"4":{"name":"(anonymous_4)","line":58,"loc":{"start":{"line":58,"column":12},"end":{"line":58,"column":26}}},"5":{"name":"(anonymous_5)","line":72,"loc":{"start":{"line":72,"column":13},"end":{"line":72,"column":47}}},"6":{"name":"(anonymous_6)","line":86,"loc":{"start":{"line":86,"column":14},"end":{"line":86,"column":45}}},"7":{"name":"(anonymous_7)","line":104,"loc":{"start":{"line":104,"column":13},"end":{"line":104,"column":44}}},"8":{"name":"(anonymous_8)","line":120,"loc":{"start":{"line":120,"column":14},"end":{"line":120,"column":28}}},"9":{"name":"(anonymous_9)","line":135,"loc":{"start":{"line":135,"column":17},"end":{"line":135,"column":31}}},"10":{"name":"(anonymous_10)","line":152,"loc":{"start":{"line":152,"column":15},"end":{"line":152,"column":37}}},"11":{"name":"(anonymous_11)","line":168,"loc":{"start":{"line":168,"column":18},"end":{"line":168,"column":32}}}},"statementMap":{"1":{"start":{"line":4,"column":0},"end":{"line":4,"column":54}},"2":{"start":{"line":5,"column":0},"end":{"line":5,"column":57}},"3":{"start":{"line":14,"column":0},"end":{"line":177,"column":4}},"4":{"start":{"line":23,"column":3},"end":{"line":23,"column":18}},"5":{"start":{"line":25,"column":3},"end":{"line":25,"column":45}},"6":{"start":{"line":26,"column":3},"end":{"line":28,"column":17}},"7":{"start":{"line":27,"column":4},"end":{"line":27,"column":52}},"8":{"start":{"line":30,"column":3},"end":{"line":32,"column":4}},"9":{"start":{"line":31,"column":4},"end":{"line":31,"column":38}},"10":{"start":{"line":33,"column":3},"end":{"line":35,"column":4}},"11":{"start":{"line":34,"column":4},"end":{"line":34,"column":36}},"12":{"start":{"line":48,"column":3},"end":{"line":48,"column":41}},"13":{"start":{"line":49,"column":3},"end":{"line":49,"column":75}},"14":{"start":{"line":59,"column":3},"end":{"line":59,"column":20}},"15":{"start":{"line":60,"column":3},"end":{"line":60,"column":103}},"16":{"start":{"line":73,"column":3},"end":{"line":73,"column":40}},"17":{"start":{"line":74,"column":3},"end":{"line":74,"column":69}},"18":{"start":{"line":87,"column":3},"end":{"line":87,"column":14}},"19":{"start":{"line":89,"column":3},"end":{"line":89,"column":37}},"20":{"start":{"line":91,"column":3},"end":{"line":91,"column":46}},"21":{"start":{"line":92,"column":3},"end":{"line":92,"column":93}},"22":{"start":{"line":93,"column":3},"end":{"line":93,"column":88}},"23":{"start":{"line":105,"column":3},"end":{"line":105,"column":14}},"24":{"start":{"line":107,"column":3},"end":{"line":107,"column":37}},"25":{"start":{"line":109,"column":3},"end":{"line":109,"column":46}},"26":{"start":{"line":110,"column":3},"end":{"line":110,"column":92}},"27":{"start":{"line":111,"column":3},"end":{"line":111,"column":88}},"28":{"start":{"line":121,"column":3},"end":{"line":121,"column":14}},"29":{"start":{"line":123,"column":3},"end":{"line":123,"column":20}},"30":{"start":{"line":125,"column":3},"end":{"line":125,"column":46}},"31":{"start":{"line":126,"column":3},"end":{"line":126,"column":88}},"32":{"start":{"line":136,"column":3},"end":{"line":136,"column":14}},"33":{"start":{"line":138,"column":3},"end":{"line":138,"column":20}},"34":{"start":{"line":140,"column":3},"end":{"line":140,"column":46}},"35":{"start":{"line":141,"column":3},"end":{"line":141,"column":101}},"36":{"start":{"line":142,"column":3},"end":{"line":142,"column":88}},"37":{"start":{"line":153,"column":3},"end":{"line":153,"column":14}},"38":{"start":{"line":155,"column":3},"end":{"line":155,"column":28}},"39":{"start":{"line":157,"column":3},"end":{"line":157,"column":46}},"40":{"start":{"line":158,"column":3},"end":{"line":158,"column":78}},"41":{"start":{"line":159,"column":3},"end":{"line":159,"column":88}},"42":{"start":{"line":169,"column":3},"end":{"line":169,"column":14}},"43":{"start":{"line":171,"column":3},"end":{"line":171,"column":20}},"44":{"start":{"line":173,"column":3},"end":{"line":173,"column":46}},"45":{"start":{"line":174,"column":3},"end":{"line":174,"column":84}},"46":{"start":{"line":175,"column":3},"end":{"line":175,"column":88}},"47":{"start":{"line":179,"column":0},"end":{"line":179,"column":34}}},"branchMap":{"1":{"line":30,"type":"if","locations":[{"start":{"line":30,"column":3},"end":{"line":30,"column":3}},{"start":{"line":30,"column":3},"end":{"line":30,"column":3}}]},"2":{"line":33,"type":"if","locations":[{"start":{"line":33,"column":3},"end":{"line":33,"column":3}},{"start":{"line":33,"column":3},"end":{"line":33,"column":3}}]}}},"/Users/erz/test/preceptor-reporter/lib/messenger/teamCity.js":{"path":"/Users/erz/test/preceptor-reporter/lib/messenger/teamCity.js","s":{"1":1,"2":1,"3":1,"4":99,"5":56,"6":56,"7":99,"8":56,"9":5,"10":5,"11":16,"12":16,"13":8,"14":5,"15":3,"16":6,"17":1},"b":{"1":[5,3],"2":[5,0],"3":[5,0],"4":[3,0],"5":[3,0],"6":[6,0]},"f":{"1":99,"2":56,"3":99,"4":5,"5":5,"6":16,"7":16,"8":8,"9":6},"fnMap":{"1":{"name":"(anonymous_1)","line":23,"loc":{"start":{"line":23,"column":11},"end":{"line":23,"column":26}}},"2":{"name":"(anonymous_2)","line":42,"loc":{"start":{"line":42,"column":9},"end":{"line":42,"column":47}}},"3":{"name":"(anonymous_3)","line":45,"loc":{"start":{"line":45,"column":24},"end":{"line":45,"column":39}}},"4":{"name":"(anonymous_4)","line":60,"loc":{"start":{"line":60,"column":20},"end":{"line":60,"column":50}}},"5":{"name":"(anonymous_5)","line":71,"loc":{"start":{"line":71,"column":21},"end":{"line":71,"column":51}}},"6":{"name":"(anonymous_6)","line":83,"loc":{"start":{"line":83,"column":15},"end":{"line":83,"column":44}}},"7":{"name":"(anonymous_7)","line":95,"loc":{"start":{"line":95,"column":16},"end":{"line":95,"column":55}}},"8":{"name":"(anonymous_8)","line":110,"loc":{"start":{"line":110,"column":14},"end":{"line":110,"column":68}}},"9":{"name":"(anonymous_9)","line":126,"loc":{"start":{"line":126,"column":15},"end":{"line":126,"column":53}}}},"statementMap":{"1":{"start":{"line":4,"column":0},"end":{"line":4,"column":56}},"2":{"start":{"line":5,"column":0},"end":{"line":5,"column":30}},"3":{"start":{"line":12,"column":0},"end":{"line":129,"column":4}},"4":{"start":{"line":24,"column":3},"end":{"line":30,"column":24}},"5":{"start":{"line":43,"column":3},"end":{"line":43,"column":23}},"6":{"start":{"line":45,"column":3},"end":{"line":47,"column":12}},"7":{"start":{"line":46,"column":4},"end":{"line":46,"column":64}},"8":{"start":{"line":49,"column":3},"end":{"line":49,"column":91}},"9":{"start":{"line":61,"column":3},"end":{"line":61,"column":64}},"10":{"start":{"line":72,"column":3},"end":{"line":72,"column":65}},"11":{"start":{"line":84,"column":3},"end":{"line":84,"column":58}},"12":{"start":{"line":96,"column":3},"end":{"line":96,"column":79}},"13":{"start":{"line":111,"column":3},"end":{"line":115,"column":4}},"14":{"start":{"line":112,"column":4},"end":{"line":112,"column":121}},"15":{"start":{"line":114,"column":4},"end":{"line":114,"column":106}},"16":{"start":{"line":127,"column":3},"end":{"line":127,"column":82}},"17":{"start":{"line":131,"column":0},"end":{"line":131,"column":35}}},"branchMap":{"1":{"line":111,"type":"if","locations":[{"start":{"line":111,"column":3},"end":{"line":111,"column":3}},{"start":{"line":111,"column":3},"end":{"line":111,"column":3}}]},"2":{"line":112,"type":"binary-expr","locations":[{"start":{"line":112,"column":56},"end":{"line":112,"column":63}},{"start":{"line":112,"column":67},"end":{"line":112,"column":69}}]},"3":{"line":112,"type":"binary-expr","locations":[{"start":{"line":112,"column":80},"end":{"line":112,"column":87}},{"start":{"line":112,"column":91},"end":{"line":112,"column":93}}]},"4":{"line":114,"type":"binary-expr","locations":[{"start":{"line":114,"column":56},"end":{"line":114,"column":63}},{"start":{"line":114,"column":67},"end":{"line":114,"column":69}}]},"5":{"line":114,"type":"binary-expr","locations":[{"start":{"line":114,"column":80},"end":{"line":114,"column":87}},{"start":{"line":114,"column":91},"end":{"line":114,"column":93}}]},"6":{"line":127,"type":"binary-expr","locations":[{"start":{"line":127,"column":56},"end":{"line":127,"column":63}},{"start":{"line":127,"column":67},"end":{"line":127,"column":69}}]}}},"/Users/erz/test/preceptor-reporter/lib/listener/preceptor.js":{"path":"/Users/erz/test/preceptor-reporter/lib/listener/preceptor.js","s":{"1":1,"2":1,"3":1,"4":1,"5":1,"6":45,"7":45,"8":44,"9":44,"10":44,"11":44,"12":43,"13":43,"14":43,"15":1,"16":1},"b":{"1":[44,1],"2":[43,1]},"f":{"1":1,"2":1},"fnMap":{"1":{"name":"(anonymous_1)","line":20,"loc":{"start":{"line":20,"column":22},"end":{"line":20,"column":34}}},"2":{"name":"(anonymous_2)","line":44,"loc":{"start":{"line":44,"column":9},"end":{"line":44,"column":38}}}},"statementMap":{"1":{"start":{"line":4,"column":0},"end":{"line":4,"column":54}},"2":{"start":{"line":11,"column":0},"end":{"line":74,"column":4}},"3":{"start":{"line":21,"column":3},"end":{"line":33,"column":5}},"4":{"start":{"line":46,"column":3},"end":{"line":49,"column":21}},"5":{"start":{"line":51,"column":3},"end":{"line":70,"column":4}},"6":{"start":{"line":53,"column":4},"end":{"line":53,"column":60}},"7":{"start":{"line":55,"column":4},"end":{"line":69,"column":5}},"8":{"start":{"line":56,"column":5},"end":{"line":56,"column":28}},"9":{"start":{"line":57,"column":5},"end":{"line":57,"column":21}},"10":{"start":{"line":60,"column":5},"end":{"line":60,"column":56}},"11":{"start":{"line":62,"column":5},"end":{"line":68,"column":6}},"12":{"start":{"line":64,"column":6},"end":{"line":64,"column":56}},"13":{"start":{"line":65,"column":6},"end":{"line":65,"column":30}},"14":{"start":{"line":67,"column":6},"end":{"line":67,"column":45}},"15":{"start":{"line":72,"column":3},"end":{"line":72,"column":20}},"16":{"start":{"line":76,"column":0},"end":{"line":76,"column":35}}},"branchMap":{"1":{"line":55,"type":"if","locations":[{"start":{"line":55,"column":4},"end":{"line":55,"column":4}},{"start":{"line":55,"column":4},"end":{"line":55,"column":4}}]},"2":{"line":62,"type":"if","locations":[{"start":{"line":62,"column":5},"end":{"line":62,"column":5}},{"start":{"line":62,"column":5},"end":{"line":62,"column":5}}]}}},"/Users/erz/test/preceptor-reporter/lib/listener/teamCity.js":{"path":"/Users/erz/test/preceptor-reporter/lib/listener/teamCity.js","s":{"1":1,"2":1,"3":1,"4":1,"5":85,"6":1,"7":1,"8":1,"9":1,"10":50,"11":50,"12":49,"13":49,"14":49,"15":49,"16":49,"17":49,"18":4,"19":49,"20":49,"21":49,"22":19,"23":19,"24":19,"25":19,"26":19,"27":30,"28":15,"29":4,"30":4,"31":4,"32":4,"33":11,"34":15,"35":15,"36":15,"37":15,"38":0,"39":38,"40":1,"41":49,"42":49,"43":81,"44":81,"45":81,"46":49,"47":87,"48":87,"49":85,"50":2,"51":81,"52":0,"53":81,"54":0,"55":81,"56":15,"57":66,"58":0,"59":66,"60":1},"b":{"1":[49,1],"2":[49,0],"3":[4,45],"4":[49,6],"5":[19,30],"6":[15,15],"7":[4,11],"8":[15,0],"9":[85,2],"10":[0,81],"11":[0,81],"12":[15,66],"13":[0,66]},"f":{"1":1,"2":85,"3":1,"4":1,"5":1,"6":49,"7":81,"8":87,"9":81},"fnMap":{"1":{"name":"(anonymous_1)","line":21,"loc":{"start":{"line":21,"column":15},"end":{"line":21,"column":27}}},"2":{"name":"(anonymous_2)","line":34,"loc":{"start":{"line":34,"column":13},"end":{"line":34,"column":28}}},"3":{"name":"(anonymous_3)","line":51,"loc":{"start":{"line":51,"column":22},"end":{"line":51,"column":34}}},"4":{"name":"(anonymous_4)","line":89,"loc":{"start":{"line":89,"column":21},"end":{"line":89,"column":33}}},"5":{"name":"(anonymous_5)","line":109,"loc":{"start":{"line":109,"column":9},"end":{"line":109,"column":38}}},"6":{"name":"(anonymous_6)","line":193,"loc":{"start":{"line":193,"column":20},"end":{"line":193,"column":54}}},"7":{"name":"(anonymous_7)","line":197,"loc":{"start":{"line":197,"column":22},"end":{"line":197,"column":43}}},"8":{"name":"(anonymous_8)","line":217,"loc":{"start":{"line":217,"column":19},"end":{"line":217,"column":70}}},"9":{"name":"(anonymous_9)","line":236,"loc":{"start":{"line":236,"column":18},"end":{"line":236,"column":41}}}},"statementMap":{"1":{"start":{"line":4,"column":0},"end":{"line":4,"column":54}},"2":{"start":{"line":5,"column":0},"end":{"line":5,"column":30}},"3":{"start":{"line":12,"column":0},"end":{"line":252,"column":4}},"4":{"start":{"line":22,"column":3},"end":{"line":22,"column":43}},"5":{"start":{"line":35,"column":3},"end":{"line":41,"column":26}},"6":{"start":{"line":52,"column":3},"end":{"line":80,"column":5}},"7":{"start":{"line":90,"column":3},"end":{"line":98,"column":5}},"8":{"start":{"line":111,"column":3},"end":{"line":122,"column":16}},"9":{"start":{"line":124,"column":3},"end":{"line":178,"column":4}},"10":{"start":{"line":126,"column":4},"end":{"line":126,"column":61}},"11":{"start":{"line":128,"column":4},"end":{"line":177,"column":5}},"12":{"start":{"line":129,"column":5},"end":{"line":129,"column":28}},"13":{"start":{"line":130,"column":5},"end":{"line":130,"column":21}},"14":{"start":{"line":133,"column":5},"end":{"line":133,"column":56}},"15":{"start":{"line":135,"column":5},"end":{"line":176,"column":6}},"16":{"start":{"line":137,"column":6},"end":{"line":137,"column":56}},"17":{"start":{"line":140,"column":6},"end":{"line":142,"column":7}},"18":{"start":{"line":141,"column":7},"end":{"line":141,"column":33}},"19":{"start":{"line":144,"column":6},"end":{"line":144,"column":71}},"20":{"start":{"line":146,"column":6},"end":{"line":146,"column":48}},"21":{"start":{"line":148,"column":6},"end":{"line":173,"column":7}},"22":{"start":{"line":149,"column":7},"end":{"line":149,"column":44}},"23":{"start":{"line":150,"column":7},"end":{"line":150,"column":35}},"24":{"start":{"line":151,"column":7},"end":{"line":151,"column":40}},"25":{"start":{"line":152,"column":7},"end":{"line":152,"column":31}},"26":{"start":{"line":153,"column":7},"end":{"line":153,"column":32}},"27":{"start":{"line":155,"column":13},"end":{"line":173,"column":7}},"28":{"start":{"line":157,"column":7},"end":{"line":164,"column":8}},"29":{"start":{"line":158,"column":8},"end":{"line":158,"column":35}},"30":{"start":{"line":159,"column":8},"end":{"line":159,"column":21}},"31":{"start":{"line":160,"column":8},"end":{"line":160,"column":41}},"32":{"start":{"line":161,"column":8},"end":{"line":161,"column":24}},"33":{"start":{"line":163,"column":8},"end":{"line":163,"column":17}},"34":{"start":{"line":166,"column":13},"end":{"line":173,"column":7}},"35":{"start":{"line":167,"column":7},"end":{"line":167,"column":20}},"36":{"start":{"line":168,"column":7},"end":{"line":168,"column":40}},"37":{"start":{"line":169,"column":7},"end":{"line":169,"column":23}},"38":{"start":{"line":172,"column":7},"end":{"line":172,"column":90}},"39":{"start":{"line":175,"column":6},"end":{"line":175,"column":45}},"40":{"start":{"line":180,"column":3},"end":{"line":180,"column":20}},"41":{"start":{"line":194,"column":3},"end":{"line":195,"column":14}},"42":{"start":{"line":197,"column":3},"end":{"line":202,"column":12}},"43":{"start":{"line":198,"column":4},"end":{"line":198,"column":94}},"44":{"start":{"line":199,"column":4},"end":{"line":199,"column":73}},"45":{"start":{"line":201,"column":4},"end":{"line":201,"column":30}},"46":{"start":{"line":204,"column":3},"end":{"line":204,"column":15}},"47":{"start":{"line":218,"column":3},"end":{"line":218,"column":75}},"48":{"start":{"line":220,"column":3},"end":{"line":224,"column":4}},"49":{"start":{"line":221,"column":4},"end":{"line":221,"column":36}},"50":{"start":{"line":223,"column":4},"end":{"line":223,"column":24}},"51":{"start":{"line":238,"column":3},"end":{"line":242,"column":4}},"52":{"start":{"line":239,"column":4},"end":{"line":239,"column":16}},"53":{"start":{"line":240,"column":10},"end":{"line":242,"column":4}},"54":{"start":{"line":241,"column":4},"end":{"line":241,"column":21}},"55":{"start":{"line":244,"column":3},"end":{"line":250,"column":4}},"56":{"start":{"line":245,"column":4},"end":{"line":245,"column":21}},"57":{"start":{"line":246,"column":10},"end":{"line":250,"column":4}},"58":{"start":{"line":247,"column":4},"end":{"line":247,"column":19}},"59":{"start":{"line":249,"column":4},"end":{"line":249,"column":17}},"60":{"start":{"line":254,"column":0},"end":{"line":254,"column":34}}},"branchMap":{"1":{"line":128,"type":"if","locations":[{"start":{"line":128,"column":4},"end":{"line":128,"column":4}},{"start":{"line":128,"column":4},"end":{"line":128,"column":4}}]},"2":{"line":135,"type":"if","locations":[{"start":{"line":135,"column":5},"end":{"line":135,"column":5}},{"start":{"line":135,"column":5},"end":{"line":135,"column":5}}]},"3":{"line":140,"type":"if","locations":[{"start":{"line":140,"column":6},"end":{"line":140,"column":6}},{"start":{"line":140,"column":6},"end":{"line":140,"column":6}}]},"4":{"line":140,"type":"binary-expr","locations":[{"start":{"line":140,"column":11},"end":{"line":140,"column":38}},{"start":{"line":140,"column":43},"end":{"line":140,"column":85}}]},"5":{"line":148,"type":"if","locations":[{"start":{"line":148,"column":6},"end":{"line":148,"column":6}},{"start":{"line":148,"column":6},"end":{"line":148,"column":6}}]},"6":{"line":155,"type":"if","locations":[{"start":{"line":155,"column":13},"end":{"line":155,"column":13}},{"start":{"line":155,"column":13},"end":{"line":155,"column":13}}]},"7":{"line":157,"type":"if","locations":[{"start":{"line":157,"column":7},"end":{"line":157,"column":7}},{"start":{"line":157,"column":7},"end":{"line":157,"column":7}}]},"8":{"line":166,"type":"if","locations":[{"start":{"line":166,"column":13},"end":{"line":166,"column":13}},{"start":{"line":166,"column":13},"end":{"line":166,"column":13}}]},"9":{"line":220,"type":"if","locations":[{"start":{"line":220,"column":3},"end":{"line":220,"column":3}},{"start":{"line":220,"column":3},"end":{"line":220,"column":3}}]},"10":{"line":238,"type":"if","locations":[{"start":{"line":238,"column":3},"end":{"line":238,"column":3}},{"start":{"line":238,"column":3},"end":{"line":238,"column":3}}]},"11":{"line":240,"type":"if","locations":[{"start":{"line":240,"column":10},"end":{"line":240,"column":10}},{"start":{"line":240,"column":10},"end":{"line":240,"column":10}}]},"12":{"line":244,"type":"if","locations":[{"start":{"line":244,"column":3},"end":{"line":244,"column":3}},{"start":{"line":244,"column":3},"end":{"line":244,"column":3}}]},"13":{"line":246,"type":"if","locations":[{"start":{"line":246,"column":10},"end":{"line":246,"column":10}},{"start":{"line":246,"column":10},"end":{"line":246,"column":10}}]}}}}