TN:
SF:/Users/erz/test/preceptor-reporter/index.js
FNF:0
FNH:0
DA:4,1
LF:1
LH:1
BRF:0
BRH:0
end_of_record
TN:
SF:/Users/erz/test/preceptor-reporter/lib/manager.js
FN:41,(anonymous_1)
FN:71,(anonymous_2)
FN:75,(anonymous_3)
FN:87,(anonymous_4)
FN:106,(anonymous_5)
FN:120,(anonymous_6)
FN:127,(anonymous_7)
FN:142,(anonymous_8)
FN:153,(anonymous_9)
FN:163,(anonymous_10)
FN:174,(anonymous_11)
FN:184,(anonymous_12)
FN:196,(anonymous_13)
FN:207,(anonymous_14)
FN:218,(anonymous_15)
FN:228,(anonymous_16)
FN:230,(anonymous_17)
FN:244,(anonymous_18)
FN:269,(anonymous_19)
FN:274,(anonymous_20)
FN:289,(anonymous_21)
FN:304,(anonymous_22)
FN:327,(anonymous_23)
FN:337,(anonymous_24)
FN:349,(anonymous_25)
FN:360,(anonymous_26)
FN:371,(anonymous_27)
FN:381,(anonymous_28)
FN:383,(anonymous_29)
FN:397,(anonymous_30)
FN:411,(anonymous_31)
FN:425,(anonymous_32)
FN:430,(anonymous_33)
FN:445,(anonymous_34)
FN:460,(anonymous_35)
FN:482,(anonymous_36)
FN:508,(anonymous_37)
FN:522,(anonymous_38)
FN:533,(anonymous_39)
FN:546,(anonymous_40)
FN:549,(anonymous_41)
FN:565,(anonymous_42)
FN:581,(anonymous_43)
FN:627,(anonymous_44)
FN:642,(anonymous_45)
FNF:45
FNH:30
FNDA:17,(anonymous_1)
FNDA:17,(anonymous_2)
FNDA:696,(anonymous_3)
FNDA:17,(anonymous_4)
FNDA:255,(anonymous_5)
FNDA:17,(anonymous_6)
FNDA:51,(anonymous_7)
FNDA:777,(anonymous_8)
FNDA:777,(anonymous_9)
FNDA:803,(anonymous_10)
FNDA:801,(anonymous_11)
FNDA:0,(anonymous_12)
FNDA:0,(anonymous_13)
FNDA:24,(anonymous_14)
FNDA:255,(anonymous_15)
FNDA:17,(anonymous_16)
FNDA:255,(anonymous_17)
FNDA:24,(anonymous_18)
FNDA:0,(anonymous_19)
FNDA:0,(anonymous_20)
FNDA:0,(anonymous_21)
FNDA:0,(anonymous_22)
FNDA:4,(anonymous_23)
FNDA:0,(anonymous_24)
FNDA:0,(anonymous_25)
FNDA:2,(anonymous_26)
FNDA:51,(anonymous_27)
FNDA:17,(anonymous_28)
FNDA:51,(anonymous_29)
FNDA:2,(anonymous_30)
FNDA:81,(anonymous_31)
FNDA:0,(anonymous_32)
FNDA:0,(anonymous_33)
FNDA:0,(anonymous_34)
FNDA:0,(anonymous_35)
FNDA:777,(anonymous_36)
FNDA:777,(anonymous_37)
FNDA:1094,(anonymous_38)
FNDA:696,(anonymous_39)
FNDA:2,(anonymous_40)
FNDA:2,(anonymous_41)
FNDA:0,(anonymous_42)
FNDA:0,(anonymous_43)
FNDA:3,(anonymous_44)
FNDA:0,(anonymous_45)
DA:4,1
DA:5,1
DA:6,1
DA:8,1
DA:10,1
DA:12,1
DA:13,1
DA:14,1
DA:31,1
DA:42,17
DA:44,17
DA:46,17
DA:47,17
DA:50,17
DA:51,17
DA:54,17
DA:55,17
DA:57,17
DA:58,17
DA:60,17
DA:62,17
DA:72,17
DA:73,17
DA:75,17
DA:76,696
DA:88,17
DA:106,17
DA:107,255
DA:108,255
DA:111,17
DA:121,17
DA:127,17
DA:128,51
DA:129,51
DA:132,17
DA:143,777
DA:154,777
DA:164,803
DA:175,801
DA:185,0
DA:197,0
DA:208,24
DA:219,255
DA:230,17
DA:231,255
DA:245,24
DA:248,24
DA:249,0
DA:252,24
DA:253,24
DA:254,24
DA:257,24
DA:258,24
DA:259,24
DA:270,0
DA:272,0
DA:274,0
DA:275,0
DA:278,0
DA:290,0
DA:294,0
DA:295,0
DA:296,0
DA:297,0
DA:301,0
DA:303,0
DA:304,0
DA:306,0
DA:307,0
DA:309,0
DA:310,0
DA:313,0
DA:316,0
DA:328,4
DA:338,0
DA:350,0
DA:361,2
DA:372,51
DA:383,17
DA:384,51
DA:398,2
DA:401,2
DA:402,0
DA:405,2
DA:406,2
DA:407,2
DA:410,2
DA:411,2
DA:412,81
DA:414,2
DA:415,2
DA:426,0
DA:428,0
DA:430,0
DA:431,0
DA:434,0
DA:446,0
DA:450,0
DA:451,0
DA:452,0
DA:453,0
DA:457,0
DA:459,0
DA:460,0
DA:462,0
DA:463,0
DA:465,0
DA:466,0
DA:469,0
DA:472,0
DA:483,777
DA:510,777
DA:512,777
DA:513,0
DA:517,777
DA:518,777
DA:522,777
DA:523,1094
DA:534,696
DA:547,2
DA:549,2
DA:550,2
DA:553,2
DA:566,0
DA:568,0
DA:569,0
DA:571,0
DA:582,0
DA:583,0
DA:585,0
DA:586,0
DA:603,1
DA:610,1
DA:617,1
DA:627,1
DA:628,3
DA:642,1
DA:643,0
DA:656,1
DA:658,1
LF:140
LH:86
BRDA:44,1,0,17
BRDA:44,1,1,17
BRDA:46,2,0,17
BRDA:46,2,1,0
BRDA:50,3,0,17
BRDA:50,3,1,0
BRDA:51,4,0,17
BRDA:51,4,1,17
BRDA:248,5,0,0
BRDA:248,5,1,24
BRDA:252,6,0,24
BRDA:252,6,1,15
BRDA:253,7,0,24
BRDA:253,7,1,0
BRDA:294,8,0,0
BRDA:294,8,1,0
BRDA:296,9,0,0
BRDA:296,9,1,0
BRDA:296,10,0,0
BRDA:296,10,1,0
BRDA:301,11,0,0
BRDA:301,11,1,0
BRDA:306,12,0,0
BRDA:306,12,1,0
BRDA:309,13,0,0
BRDA:309,13,1,0
BRDA:401,14,0,0
BRDA:401,14,1,2
BRDA:405,15,0,2
BRDA:405,15,1,2
BRDA:406,16,0,2
BRDA:406,16,1,0
BRDA:450,17,0,0
BRDA:450,17,1,0
BRDA:452,18,0,0
BRDA:452,18,1,0
BRDA:452,19,0,0
BRDA:452,19,1,0
BRDA:457,20,0,0
BRDA:457,20,1,0
BRDA:462,21,0,0
BRDA:462,21,1,0
BRDA:465,22,0,0
BRDA:465,22,1,0
BRDA:512,23,0,0
BRDA:512,23,1,777
BRDA:517,24,0,777
BRDA:517,24,1,0
BRDA:568,25,0,0
BRDA:568,25,1,0
BRDA:582,26,0,0
BRDA:582,26,1,0
BRF:52
BRH:16
end_of_record
TN:
SF:/Users/erz/test/preceptor-reporter/lib/container.js
FN:26,(anonymous_1)
FN:47,(anonymous_2)
FN:53,(anonymous_3)
FN:68,(anonymous_4)
FN:80,(anonymous_5)
FN:109,(anonymous_6)
FN:132,(anonymous_7)
FN:145,(anonymous_8)
FN:158,(anonymous_9)
FN:189,(anonymous_10)
FN:205,(anonymous_11)
FN:219,(anonymous_12)
FN:231,(anonymous_13)
FN:244,(anonymous_14)
FN:257,(anonymous_15)
FN:272,(anonymous_16)
FN:297,(anonymous_17)
FN:326,(anonymous_18)
FN:336,(anonymous_19)
FN:348,(anonymous_20)
FN:372,(anonymous_21)
FN:382,(anonymous_22)
FN:395,(anonymous_23)
FNF:23
FNH:22
FNDA:17,(anonymous_1)
FNDA:17,(anonymous_2)
FNDA:323,(anonymous_3)
FNDA:17,(anonymous_4)
FNDA:68,(anonymous_5)
FNDA:68,(anonymous_6)
FNDA:48,(anonymous_7)
FNDA:32,(anonymous_8)
FNDA:255,(anonymous_9)
FNDA:34,(anonymous_10)
FNDA:36,(anonymous_11)
FNDA:68,(anonymous_12)
FNDA:32,(anonymous_13)
FNDA:53,(anonymous_14)
FNDA:32,(anonymous_15)
FNDA:255,(anonymous_16)
FNDA:1718,(anonymous_17)
FNDA:0,(anonymous_18)
FNDA:245,(anonymous_19)
FNDA:46,(anonymous_20)
FNDA:264,(anonymous_21)
FNDA:218,(anonymous_22)
FNDA:52,(anonymous_23)
DA:4,1
DA:5,1
DA:6,1
DA:18,1
DA:27,17
DA:28,17
DA:29,17
DA:49,17
DA:50,17
DA:51,17
DA:53,17
DA:55,323
DA:57,323
DA:58,0
DA:81,68
DA:83,68
DA:96,68
DA:97,68
DA:99,68
DA:100,68
DA:110,68
DA:112,68
DA:113,0
DA:115,68
DA:116,0
DA:119,68
DA:120,68
DA:121,68
DA:133,48
DA:135,48
DA:146,32
DA:159,255
DA:161,255
DA:173,255
DA:174,255
DA:176,255
DA:177,255
DA:190,34
DA:192,34
DA:193,34
DA:194,34
DA:206,36
DA:208,36
DA:209,36
DA:210,36
DA:220,68
DA:222,68
DA:232,32
DA:234,32
DA:245,53
DA:247,53
DA:248,53
DA:258,32
DA:260,32
DA:273,255
DA:275,255
DA:276,0
DA:278,255
DA:279,0
DA:282,255
DA:283,255
DA:284,255
DA:286,255
DA:298,1718
DA:300,1718
DA:301,0
DA:303,1718
DA:304,0
DA:307,1718
DA:308,218
DA:310,1500
DA:312,1500
DA:313,0
DA:317,1718
DA:327,0
DA:337,245
DA:349,46
DA:359,46
DA:361,46
DA:373,264
DA:374,208
DA:376,208
DA:377,28
DA:379,180
DA:382,56
DA:383,218
DA:396,52
DA:400,52
DA:401,34
DA:403,18
DA:417,1
LF:91
LH:82
BRDA:57,1,0,0
BRDA:57,1,1,323
BRDA:112,2,0,0
BRDA:112,2,1,68
BRDA:115,3,0,0
BRDA:115,3,1,68
BRDA:193,4,0,34
BRDA:193,4,1,0
BRDA:194,5,0,34
BRDA:194,5,1,0
BRDA:209,6,0,36
BRDA:209,6,1,0
BRDA:210,7,0,36
BRDA:210,7,1,0
BRDA:248,8,0,53
BRDA:248,8,1,0
BRDA:275,9,0,0
BRDA:275,9,1,255
BRDA:278,10,0,0
BRDA:278,10,1,255
BRDA:300,11,0,0
BRDA:300,11,1,1718
BRDA:303,12,0,0
BRDA:303,12,1,1718
BRDA:307,13,0,218
BRDA:307,13,1,1500
BRDA:307,14,0,1718
BRDA:307,14,1,1504
BRDA:312,15,0,0
BRDA:312,15,1,1500
BRDA:373,16,0,208
BRDA:373,16,1,56
BRDA:376,17,0,28
BRDA:376,17,1,180
BRDA:382,18,0,56
BRDA:382,18,1,0
BRDA:400,19,0,34
BRDA:400,19,1,18
BRF:38
BRH:24
end_of_record
TN:
SF:/Users/erz/test/preceptor-reporter/lib/reporter/event.js
FN:43,(anonymous_1)
FN:46,(anonymous_2)
FN:58,(anonymous_3)
FN:67,(anonymous_4)
FN:77,(anonymous_5)
FN:89,(anonymous_6)
FN:101,(anonymous_7)
FN:115,(anonymous_8)
FN:126,(anonymous_9)
FN:140,(anonymous_10)
FN:154,(anonymous_11)
FN:167,(anonymous_12)
FN:178,(anonymous_13)
FN:189,(anonymous_14)
FN:201,(anonymous_15)
FN:212,(anonymous_16)
FNF:16
FNH:16
FNDA:18,(anonymous_1)
FNDA:742,(anonymous_2)
FNDA:18,(anonymous_3)
FNDA:18,(anonymous_4)
FNDA:18,(anonymous_5)
FNDA:48,(anonymous_6)
FNDA:32,(anonymous_7)
FNDA:64,(anonymous_8)
FNDA:64,(anonymous_9)
FNDA:240,(anonymous_10)
FNDA:32,(anonymous_11)
FNDA:32,(anonymous_12)
FNDA:64,(anonymous_13)
FNDA:32,(anonymous_14)
FNDA:48,(anonymous_15)
FNDA:32,(anonymous_16)
DA:4,1
DA:35,1
DA:44,18
DA:46,18
DA:47,742
DA:48,742
DA:59,18
DA:68,18
DA:78,18
DA:90,48
DA:91,48
DA:102,32
DA:103,32
DA:116,64
DA:117,64
DA:127,64
DA:128,64
DA:141,240
DA:142,240
DA:155,32
DA:156,32
DA:168,32
DA:169,32
DA:179,64
DA:180,64
DA:190,32
DA:191,32
DA:202,48
DA:203,48
DA:213,32
DA:214,32
DA:218,1
LF:32
LH:32
BRF:0
BRH:0
end_of_record
TN:
SF:/Users/erz/test/preceptor-reporter/lib/abstractReporter.js
FN:27,(anonymous_1)
FN:42,(anonymous_2)
FN:55,(anonymous_3)
FN:65,(anonymous_4)
FN:75,(anonymous_5)
FN:85,(anonymous_6)
FN:95,(anonymous_7)
FN:105,(anonymous_8)
FN:115,(anonymous_9)
FN:125,(anonymous_10)
FN:138,(anonymous_11)
FN:166,(anonymous_12)
FN:176,(anonymous_13)
FN:185,(anonymous_14)
FN:195,(anonymous_15)
FN:218,(anonymous_16)
FN:228,(anonymous_17)
FN:240,(anonymous_18)
FN:251,(anonymous_19)
FN:264,(anonymous_20)
FN:277,(anonymous_21)
FN:289,(anonymous_22)
FN:299,(anonymous_23)
FN:309,(anonymous_24)
FN:320,(anonymous_25)
FN:330,(anonymous_26)
FN:341,(anonymous_27)
FN:351,(anonymous_28)
FN:352,(anonymous_29)
FN:364,(anonymous_30)
FN:385,(anonymous_31)
FN:394,(anonymous_32)
FNF:32
FNH:31
FNDA:41,(anonymous_1)
FNDA:41,(anonymous_2)
FNDA:1391,(anonymous_3)
FNDA:363,(anonymous_4)
FNDA:2,(anonymous_5)
FNDA:580,(anonymous_6)
FNDA:23,(anonymous_7)
FNDA:126,(anonymous_8)
FNDA:375,(anonymous_9)
FNDA:375,(anonymous_10)
FNDA:352,(anonymous_11)
FNDA:244,(anonymous_12)
FNDA:23,(anonymous_13)
FNDA:23,(anonymous_14)
FNDA:23,(anonymous_15)
FNDA:92,(anonymous_16)
FNDA:92,(anonymous_17)
FNDA:63,(anonymous_18)
FNDA:42,(anonymous_19)
FNDA:345,(anonymous_20)
FNDA:46,(anonymous_21)
FNDA:50,(anonymous_22)
FNDA:92,(anonymous_23)
FNDA:42,(anonymous_24)
FNDA:73,(anonymous_25)
FNDA:42,(anonymous_26)
FNDA:11,(anonymous_27)
FNDA:55,(anonymous_28)
FNDA:209,(anonymous_29)
FNDA:451,(anonymous_30)
FNDA:0,(anonymous_31)
FNDA:23,(anonymous_32)
DA:4,1
DA:5,1
DA:6,1
DA:7,1
DA:9,1
DA:18,1
DA:28,41
DA:30,41
DA:31,41
DA:33,41
DA:43,41
DA:44,0
DA:56,1391
DA:66,363
DA:76,2
DA:86,580
DA:96,23
DA:106,126
DA:116,375
DA:126,375
DA:139,352
DA:142,352
DA:144,352
DA:145,218
DA:146,218
DA:148,134
DA:149,20
DA:151,114
DA:155,352
DA:156,229
DA:167,244
DA:196,23
DA:198,23
DA:200,15
DA:201,15
DA:202,15
DA:206,23
DA:343,11
DA:350,11
DA:351,11
DA:352,55
DA:353,209
DA:354,209
DA:355,44
DA:357,209
DA:360,11
DA:361,11
DA:362,11
DA:364,11
DA:365,451
DA:367,451
DA:368,451
DA:369,451
DA:370,144
DA:375,11
DA:386,0
DA:395,23
DA:396,23
DA:397,4
DA:411,1
LF:60
LH:58
BRDA:31,1,0,41
BRDA:31,1,1,0
BRDA:43,2,0,0
BRDA:43,2,1,41
BRDA:144,3,0,218
BRDA:144,3,1,134
BRDA:148,4,0,20
BRDA:148,4,1,114
BRDA:155,5,0,229
BRDA:155,5,1,123
BRDA:155,6,0,352
BRDA:155,6,1,352
BRDA:198,7,0,15
BRDA:198,7,1,8
BRDA:198,8,0,23
BRDA:198,8,1,23
BRDA:201,9,0,15
BRDA:201,9,1,0
BRDA:354,10,0,44
BRDA:354,10,1,165
BRDA:369,11,0,144
BRDA:369,11,1,307
BRDA:370,12,0,144
BRDA:370,12,1,76
BRDA:396,13,0,4
BRDA:396,13,1,19
BRF:26
BRH:23
end_of_record
TN:
SF:/Users/erz/test/preceptor-reporter/lib/defaults/reporter.js
FNF:0
FNH:0
DA:4,1
DA:13,1
LF:2
LH:2
BRF:0
BRH:0
end_of_record
TN:
SF:/Users/erz/test/preceptor-reporter/lib/abstractListener.js
FN:29,(anonymous_1)
FN:41,(anonymous_2)
FN:52,(anonymous_3)
FN:63,(anonymous_4)
FN:73,(anonymous_5)
FN:85,(anonymous_6)
FN:98,(anonymous_7)
FN:111,(anonymous_8)
FN:119,(anonymous_9)
FN:127,(anonymous_10)
FNF:10
FNH:7
FNDA:2,(anonymous_1)
FNDA:2,(anonymous_2)
FNDA:93,(anonymous_3)
FNDA:1,(anonymous_4)
FNDA:92,(anonymous_5)
FNDA:81,(anonymous_6)
FNDA:0,(anonymous_7)
FNDA:92,(anonymous_8)
FNDA:0,(anonymous_9)
FNDA:0,(anonymous_10)
DA:4,1
DA:5,1
DA:6,1
DA:8,1
DA:19,1
DA:30,2
DA:32,2
DA:34,2
DA:53,93
DA:64,1
DA:74,92
DA:86,81
DA:99,0
DA:112,92
DA:117,92
DA:118,0
DA:119,0
DA:120,0
DA:125,92
DA:126,92
DA:127,92
DA:128,0
DA:131,92
DA:144,1
LF:24
LH:19
BRDA:32,1,0,2
BRDA:32,1,1,0
BRDA:117,2,0,0
BRDA:117,2,1,92
BRF:4
BRH:2
end_of_record
TN:
SF:/Users/erz/test/preceptor-reporter/lib/defaults/listener.js
FNF:0
FNH:0
DA:4,1
DA:10,1
LF:2
LH:2
BRF:0
BRH:0
end_of_record
TN:
SF:/Users/erz/test/preceptor-reporter/lib/abstractMessenger.js
FN:26,(anonymous_1)
FN:40,(anonymous_2)
FN:51,(anonymous_3)
FN:61,(anonymous_4)
FN:73,(anonymous_5)
FN:88,(anonymous_6)
FNF:6
FNH:6
FNDA:6,(anonymous_1)
FNDA:6,(anonymous_2)
FNDA:118,(anonymous_3)
FNDA:118,(anonymous_4)
FNDA:118,(anonymous_5)
FNDA:24,(anonymous_6)
DA:4,1
DA:5,1
DA:7,1
DA:19,1
DA:27,6
DA:29,6
DA:31,6
DA:52,118
DA:62,118
DA:75,118
DA:77,118
DA:78,24
DA:89,24
DA:102,1
LF:14
LH:14
BRDA:29,1,0,6
BRDA:29,1,1,3
BRDA:75,2,0,118
BRDA:75,2,1,25
BRDA:77,3,0,24
BRDA:77,3,1,94
BRF:6
BRH:6
end_of_record
TN:
SF:/Users/erz/test/preceptor-reporter/lib/defaults/messenger.js
FNF:0
FNH:0
DA:4,1
DA:9,1
LF:2
LH:2
BRF:0
BRH:0
end_of_record
TN:
SF:/Users/erz/test/preceptor-reporter/lib/reporter/dot.js
FN:19,(anonymous_1)
FN:36,(anonymous_2)
FN:50,(anonymous_3)
FN:71,(anonymous_4)
FN:90,(anonymous_5)
FN:109,(anonymous_6)
FN:129,(anonymous_7)
FN:148,(anonymous_8)
FNF:8
FNH:8
FNDA:2,(anonymous_1)
FNDA:2,(anonymous_2)
FNDA:4,(anonymous_3)
FNDA:4,(anonymous_4)
FNDA:8,(anonymous_5)
FNDA:4,(anonymous_6)
FNDA:6,(anonymous_7)
FNDA:4,(anonymous_8)
DA:4,1
DA:11,1
DA:20,2
DA:22,2
DA:23,2
DA:25,2
DA:26,2
DA:37,2
DA:38,2
DA:51,4
DA:53,4
DA:55,4
DA:56,4
DA:57,4
DA:60,4
DA:72,4
DA:74,4
DA:76,4
DA:77,4
DA:78,4
DA:81,4
DA:91,8
DA:93,8
DA:95,8
DA:96,8
DA:97,8
DA:100,8
DA:110,4
DA:112,4
DA:114,4
DA:115,4
DA:116,4
DA:119,4
DA:130,6
DA:132,6
DA:134,6
DA:135,6
DA:136,6
DA:139,6
DA:149,4
DA:151,4
DA:153,4
DA:154,4
DA:155,4
DA:158,4
DA:162,1
LF:46
LH:46
BRDA:22,1,0,2
BRDA:22,1,1,0
BRDA:25,2,0,2
BRDA:25,2,1,0
BRDA:55,3,0,4
BRDA:55,3,1,0
BRDA:76,4,0,4
BRDA:76,4,1,0
BRDA:95,5,0,8
BRDA:95,5,1,0
BRDA:114,6,0,4
BRDA:114,6,1,0
BRDA:134,7,0,6
BRDA:134,7,1,0
BRDA:153,8,0,4
BRDA:153,8,1,0
BRF:16
BRH:8
end_of_record
TN:
SF:/Users/erz/test/preceptor-reporter/lib/reporter/duration.js
FN:19,(anonymous_1)
FN:36,(anonymous_2)
FNF:2
FNH:2
FNDA:2,(anonymous_1)
FNDA:2,(anonymous_2)
DA:4,1
DA:11,1
DA:20,2
DA:22,2
DA:23,2
DA:25,2
DA:26,2
DA:38,2
DA:41,2
DA:43,2
DA:45,2
DA:46,2
DA:47,2
DA:48,0
DA:49,0
DA:51,0
DA:54,2
DA:58,1
LF:18
LH:15
BRDA:22,1,0,2
BRDA:22,1,1,0
BRDA:25,2,0,2
BRDA:25,2,1,0
BRDA:46,3,0,2
BRDA:46,3,1,0
BRDA:48,4,0,0
BRDA:48,4,1,0
BRF:8
BRH:3
end_of_record
TN:
SF:/Users/erz/test/preceptor-reporter/lib/reporter/jenkinsSauceLabs.js
FN:22,(anonymous_1)
FN:26,(anonymous_2)
FN:49,(anonymous_3)
FN:80,(anonymous_4)
FN:108,(anonymous_5)
FNF:5
FNH:5
FNDA:1,(anonymous_1)
FNDA:1,(anonymous_2)
FNDA:1,(anonymous_3)
FNDA:1,(anonymous_4)
FNDA:1,(anonymous_5)
DA:4,1
DA:5,1
DA:14,1
DA:23,1
DA:25,1
DA:26,1
DA:27,1
DA:30,1
DA:31,1
DA:33,1
DA:34,1
DA:50,1
DA:53,1
DA:54,1
DA:55,1
DA:56,1
DA:59,1
DA:60,1
DA:62,1
DA:63,0
DA:66,1
DA:81,1
DA:84,1
DA:85,1
DA:86,1
DA:87,1
DA:90,1
DA:91,1
DA:93,1
DA:94,0
DA:95,0
DA:99,1
DA:110,1
DA:113,1
DA:116,1
DA:117,1
DA:119,1
DA:120,0
DA:122,1
DA:123,0
DA:126,1
DA:131,1
LF:42
LH:37
BRDA:30,1,0,1
BRDA:30,1,1,0
BRDA:33,2,0,1
BRDA:33,2,1,0
BRDA:53,3,0,1
BRDA:53,3,1,0
BRDA:55,4,0,1
BRDA:55,4,1,0
BRDA:55,5,0,1
BRDA:55,5,1,1
BRDA:59,6,0,1
BRDA:59,6,1,0
BRDA:62,7,0,0
BRDA:62,7,1,1
BRDA:84,8,0,1
BRDA:84,8,1,0
BRDA:86,9,0,1
BRDA:86,9,1,0
BRDA:86,10,0,1
BRDA:86,10,1,1
BRDA:90,11,0,1
BRDA:90,11,1,0
BRDA:93,12,0,0
BRDA:93,12,1,1
BRDA:94,13,0,0
BRDA:94,13,1,0
BRDA:94,14,0,0
BRDA:94,14,1,0
BRDA:119,15,0,0
BRDA:119,15,1,1
BRDA:122,16,0,0
BRDA:122,16,1,1
BRF:32
BRH:16
end_of_record
TN:
SF:/Users/erz/test/preceptor-reporter/lib/messenger/jenkinsSauceLabs.js
FN:22,(anonymous_1)
FNF:1
FNH:1
FNDA:2,(anonymous_1)
DA:4,1
DA:11,1
DA:23,2
DA:27,1
LF:4
LH:4
BRF:0
BRH:0
end_of_record
TN:
SF:/Users/erz/test/preceptor-reporter/lib/reporter/json.js
FN:19,(anonymous_1)
FN:37,(anonymous_2)
FNF:2
FNH:2
FNDA:3,(anonymous_1)
FNDA:4,(anonymous_2)
DA:4,1
DA:11,1
DA:20,3
DA:22,3
DA:23,3
DA:25,3
DA:26,0
DA:38,4
DA:42,1
LF:9
LH:8
BRDA:22,1,0,3
BRDA:22,1,1,0
BRDA:25,2,0,0
BRDA:25,2,1,3
BRF:4
BRH:2
end_of_record
TN:
SF:/Users/erz/test/preceptor-reporter/lib/reporter/junit.js
FN:22,(anonymous_1)
FN:40,(anonymous_2)
FN:61,(anonymous_3)
FN:80,(anonymous_4)
FN:103,(anonymous_5)
FNF:5
FNH:5
FNDA:1,(anonymous_1)
FNDA:2,(anonymous_2)
FNDA:40,(anonymous_3)
FNDA:2,(anonymous_4)
FNDA:36,(anonymous_5)
DA:4,1
DA:5,1
DA:6,1
DA:7,1
DA:14,1
DA:23,1
DA:25,1
DA:26,1
DA:28,1
DA:29,0
DA:41,2
DA:45,2
DA:47,2
DA:48,2
DA:50,2
DA:63,40
DA:66,40
DA:69,2
DA:80,2
DA:81,2
DA:84,38
DA:86,8
DA:100,8
DA:103,8
DA:104,36
DA:107,30
DA:109,30
DA:114,30
DA:115,6
DA:120,24
DA:121,4
DA:126,20
DA:127,4
DA:132,16
DA:133,4
DA:138,12
DA:139,4
DA:146,30
DA:151,1
LF:39
LH:38
BRDA:25,1,0,1
BRDA:25,1,1,0
BRDA:28,2,0,0
BRDA:28,2,1,1
BRDA:66,3,0,2
BRDA:66,3,1,38
BRDA:84,4,0,8
BRDA:84,4,1,30
BRDA:107,5,0,30
BRDA:107,5,1,0
BRDA:114,6,0,6
BRDA:114,6,1,24
BRDA:120,7,0,4
BRDA:120,7,1,20
BRDA:126,8,0,4
BRDA:126,8,1,16
BRDA:132,9,0,4
BRDA:132,9,1,12
BRDA:138,10,0,4
BRDA:138,10,1,8
BRF:20
BRH:17
end_of_record
TN:
SF:/Users/erz/test/preceptor-reporter/lib/reporter/lineSummary.js
FN:19,(anonymous_1)
FN:36,(anonymous_2)
FNF:2
FNH:2
FNDA:2,(anonymous_1)
FNDA:2,(anonymous_2)
DA:4,1
DA:11,1
DA:20,2
DA:22,2
DA:23,2
DA:25,2
DA:26,2
DA:38,2
DA:42,2
DA:44,2
DA:45,2
DA:46,2
DA:48,2
DA:49,2
DA:50,2
DA:52,0
DA:56,2
DA:57,2
DA:59,2
DA:60,2
DA:62,2
DA:63,2
DA:65,2
DA:66,2
DA:68,2
DA:69,2
DA:71,2
DA:72,2
DA:74,2
DA:75,2
DA:77,2
DA:79,2
DA:80,2
DA:83,2
DA:87,1
LF:35
LH:34
BRDA:22,1,0,2
BRDA:22,1,1,0
BRDA:25,2,0,2
BRDA:25,2,1,0
BRDA:48,3,0,2
BRDA:48,3,1,0
BRDA:49,4,0,2
BRDA:49,4,1,0
BRDA:56,5,0,2
BRDA:56,5,1,0
BRDA:59,6,0,2
BRDA:59,6,1,0
BRDA:62,7,0,2
BRDA:62,7,1,0
BRDA:65,8,0,2
BRDA:65,8,1,0
BRDA:68,9,0,2
BRDA:68,9,1,0
BRDA:71,10,0,2
BRDA:71,10,1,0
BRDA:74,11,0,2
BRDA:74,11,1,0
BRDA:79,12,0,2
BRDA:79,12,1,0
BRF:24
BRH:12
end_of_record
TN:
SF:/Users/erz/test/preceptor-reporter/lib/reporter/list.js
FN:23,(anonymous_1)
FN:43,(anonymous_2)
FN:53,(anonymous_3)
FN:65,(anonymous_4)
FN:71,(anonymous_5)
FN:116,(anonymous_6)
FN:138,(anonymous_7)
FN:158,(anonymous_8)
FN:179,(anonymous_9)
FNF:9
FNH:9
FNDA:2,(anonymous_1)
FNDA:36,(anonymous_2)
FNDA:2,(anonymous_3)
FNDA:2,(anonymous_4)
FNDA:18,(anonymous_5)
FNDA:4,(anonymous_6)
FNDA:4,(anonymous_7)
FNDA:4,(anonymous_8)
FNDA:6,(anonymous_9)
DA:4,1
DA:5,1
DA:15,1
DA:24,2
DA:26,2
DA:27,2
DA:29,2
DA:30,2
DA:44,36
DA:54,2
DA:56,2
DA:57,2
DA:66,2
DA:69,2
DA:71,2
DA:73,18
DA:74,18
DA:76,18
DA:78,18
DA:79,4
DA:80,4
DA:82,14
DA:83,4
DA:84,4
DA:86,10
DA:87,6
DA:88,6
DA:90,4
DA:91,4
DA:92,4
DA:96,18
DA:98,18
DA:99,18
DA:100,18
DA:101,8
DA:103,18
DA:117,4
DA:119,4
DA:120,4
DA:139,4
DA:141,4
DA:142,4
DA:159,4
DA:161,4
DA:162,4
DA:180,6
DA:182,6
DA:183,6
DA:194,1
LF:49
LH:49
BRDA:26,1,0,2
BRDA:26,1,1,0
BRDA:29,2,0,2
BRDA:29,2,1,0
BRDA:76,3,0,18
BRDA:76,3,1,0
BRDA:78,4,0,4
BRDA:78,4,1,14
BRDA:82,5,0,4
BRDA:82,5,1,10
BRDA:86,6,0,6
BRDA:86,6,1,4
BRDA:90,7,0,4
BRDA:90,7,1,0
BRDA:100,8,0,8
BRDA:100,8,1,10
BRF:16
BRH:12
end_of_record
TN:
SF:/Users/erz/test/preceptor-reporter/lib/reporter/plain.js
FN:20,(anonymous_1)
FN:40,(anonymous_2)
FN:53,(anonymous_3)
FN:66,(anonymous_4)
FN:77,(anonymous_5)
FN:90,(anonymous_6)
FN:106,(anonymous_7)
FN:124,(anonymous_8)
FN:138,(anonymous_9)
FN:155,(anonymous_10)
FN:170,(anonymous_11)
FN:185,(anonymous_12)
FN:201,(anonymous_13)
FN:216,(anonymous_14)
FNF:14
FNH:14
FNDA:1,(anonymous_1)
FNDA:63,(anonymous_2)
FNDA:1,(anonymous_3)
FNDA:4,(anonymous_4)
FNDA:4,(anonymous_5)
FNDA:3,(anonymous_6)
FNDA:2,(anonymous_7)
FNDA:15,(anonymous_8)
FNDA:2,(anonymous_9)
FNDA:2,(anonymous_10)
FNDA:4,(anonymous_11)
FNDA:2,(anonymous_12)
FNDA:3,(anonymous_13)
FNDA:2,(anonymous_14)
DA:4,1
DA:5,1
DA:12,1
DA:21,1
DA:23,1
DA:24,1
DA:26,1
DA:27,1
DA:41,63
DA:54,1
DA:67,4
DA:68,4
DA:78,4
DA:79,4
DA:91,3
DA:93,3
DA:95,3
DA:96,3
DA:107,2
DA:109,2
DA:111,2
DA:112,2
DA:125,15
DA:126,15
DA:139,2
DA:141,2
DA:143,2
DA:144,2
DA:156,2
DA:158,2
DA:160,2
DA:161,2
DA:171,4
DA:173,4
DA:175,4
DA:176,4
DA:186,2
DA:188,2
DA:190,2
DA:191,2
DA:202,3
DA:204,3
DA:206,3
DA:207,3
DA:217,2
DA:219,2
DA:221,2
DA:222,2
DA:226,1
LF:49
LH:49
BRDA:23,1,0,1
BRDA:23,1,1,0
BRDA:26,2,0,1
BRDA:26,2,1,0
BRF:4
BRH:2
end_of_record
TN:
SF:/Users/erz/test/preceptor-reporter/lib/reporter/preceptor.js
FN:23,(anonymous_1)
FN:27,(anonymous_2)
FN:45,(anonymous_3)
FN:58,(anonymous_4)
FN:70,(anonymous_5)
FN:84,(anonymous_6)
FN:95,(anonymous_7)
FN:109,(anonymous_8)
FN:123,(anonymous_9)
FN:136,(anonymous_10)
FN:147,(anonymous_11)
FN:158,(anonymous_12)
FN:170,(anonymous_13)
FN:181,(anonymous_14)
FNF:14
FNH:14
FNDA:1,(anonymous_1)
FNDA:44,(anonymous_2)
FNDA:1,(anonymous_3)
FNDA:3,(anonymous_4)
FNDA:2,(anonymous_5)
FNDA:4,(anonymous_6)
FNDA:4,(anonymous_7)
FNDA:15,(anonymous_8)
FNDA:2,(anonymous_9)
FNDA:2,(anonymous_10)
FNDA:4,(anonymous_11)
FNDA:2,(anonymous_12)
FNDA:3,(anonymous_13)
FNDA:2,(anonymous_14)
DA:4,1
DA:5,1
DA:6,1
DA:15,1
DA:24,1
DA:26,1
DA:27,1
DA:28,44
DA:31,1
DA:32,1
DA:34,1
DA:35,1
DA:46,1
DA:47,1
DA:59,3
DA:60,3
DA:71,2
DA:72,2
DA:85,4
DA:86,4
DA:96,4
DA:97,4
DA:110,15
DA:111,15
DA:124,2
DA:125,2
DA:137,2
DA:138,2
DA:148,4
DA:149,4
DA:159,2
DA:160,2
DA:171,3
DA:172,3
DA:182,2
DA:183,2
DA:187,1
LF:37
LH:37
BRDA:31,1,0,1
BRDA:31,1,1,0
BRDA:34,2,0,1
BRDA:34,2,1,0
BRF:4
BRH:2
end_of_record
TN:
SF:/Users/erz/test/preceptor-reporter/lib/messenger/preceptor.js
FN:23,(anonymous_1)
FN:35,(anonymous_2)
FN:49,(anonymous_3)
FN:63,(anonymous_4)
FN:76,(anonymous_5)
FN:91,(anonymous_6)
FN:103,(anonymous_7)
FN:118,(anonymous_8)
FN:133,(anonymous_9)
FN:147,(anonymous_10)
FN:159,(anonymous_11)
FN:171,(anonymous_12)
FN:184,(anonymous_13)
FN:196,(anonymous_14)
FNF:14
FNH:14
FNDA:60,(anonymous_1)
FNDA:60,(anonymous_2)
FNDA:3,(anonymous_3)
FNDA:7,(anonymous_4)
FNDA:3,(anonymous_5)
FNDA:5,(anonymous_6)
FNDA:5,(anonymous_7)
FNDA:16,(anonymous_8)
FNDA:3,(anonymous_9)
FNDA:3,(anonymous_10)
FNDA:5,(anonymous_11)
FNDA:3,(anonymous_12)
FNDA:4,(anonymous_13)
FNDA:3,(anonymous_14)
DA:4,1
DA:11,1
DA:24,60
DA:36,60
DA:37,2
DA:38,2
DA:50,3
DA:51,3
DA:64,7
DA:65,7
DA:77,3
DA:78,3
DA:92,5
DA:93,5
DA:104,5
DA:105,5
DA:119,16
DA:120,16
DA:134,3
DA:135,3
DA:148,3
DA:149,3
DA:160,5
DA:161,5
DA:172,3
DA:173,3
DA:185,4
DA:186,4
DA:197,3
DA:198,3
DA:202,1
LF:31
LH:31
BRDA:36,1,0,2
BRDA:36,1,1,58
BRF:2
BRH:2
end_of_record
TN:
SF:/Users/erz/test/preceptor-reporter/lib/reporter/spec.js
FN:21,(anonymous_1)
FN:41,(anonymous_2)
FN:51,(anonymous_3)
FN:62,(anonymous_4)
FN:76,(anonymous_5)
FN:87,(anonymous_6)
FN:100,(anonymous_7)
FN:122,(anonymous_8)
FN:142,(anonymous_9)
FN:163,(anonymous_10)
FN:184,(anonymous_11)
FN:204,(anonymous_12)
FNF:12
FNH:12
FNDA:4,(anonymous_1)
FNDA:76,(anonymous_2)
FNDA:4,(anonymous_3)
FNDA:4,(anonymous_4)
FNDA:16,(anonymous_5)
FNDA:16,(anonymous_6)
FNDA:8,(anonymous_7)
FNDA:10,(anonymous_8)
FNDA:16,(anonymous_9)
FNDA:6,(anonymous_10)
FNDA:14,(anonymous_11)
FNDA:6,(anonymous_12)
DA:4,1
DA:13,1
DA:22,4
DA:24,4
DA:25,3
DA:27,4
DA:28,4
DA:42,76
DA:52,4
DA:54,4
DA:63,4
DA:64,4
DA:77,16
DA:78,16
DA:88,16
DA:101,8
DA:104,8
DA:106,8
DA:107,8
DA:108,8
DA:110,8
DA:111,8
DA:123,10
DA:126,10
DA:128,10
DA:129,10
DA:130,10
DA:132,10
DA:133,10
DA:143,16
DA:147,16
DA:149,16
DA:150,16
DA:151,16
DA:152,16
DA:154,16
DA:164,6
DA:167,6
DA:169,6
DA:170,6
DA:171,6
DA:173,6
DA:174,6
DA:185,14
DA:188,14
DA:190,14
DA:191,14
DA:192,14
DA:194,14
DA:195,14
DA:205,6
DA:209,6
DA:211,6
DA:212,6
DA:213,6
DA:215,6
DA:219,1
LF:57
LH:57
BRDA:24,1,0,3
BRDA:24,1,1,1
BRDA:27,2,0,4
BRDA:27,2,1,0
BRDA:106,3,0,8
BRDA:106,3,1,0
BRDA:128,4,0,10
BRDA:128,4,1,0
BRDA:149,5,0,16
BRDA:149,5,1,0
BRDA:169,6,0,6
BRDA:169,6,1,0
BRDA:190,7,0,14
BRDA:190,7,1,0
BRDA:211,8,0,6
BRDA:211,8,1,0
BRF:16
BRH:9
end_of_record
TN:
SF:/Users/erz/test/preceptor-reporter/lib/reporter/summary.js
FN:19,(anonymous_1)
FN:36,(anonymous_2)
FNF:2
FNH:2
FNDA:2,(anonymous_1)
FNDA:2,(anonymous_2)
DA:4,1
DA:11,1
DA:20,2
DA:22,2
DA:23,2
DA:25,2
DA:26,2
DA:38,2
DA:42,2
DA:44,2
DA:45,2
DA:47,2
DA:48,1
DA:51,2
DA:52,2
DA:53,1
DA:55,2
DA:57,2
DA:58,2
DA:59,1
DA:61,2
DA:63,2
DA:64,2
DA:65,1
DA:67,2
DA:69,2
DA:70,2
DA:71,1
DA:73,2
DA:75,2
DA:76,2
DA:77,1
DA:79,2
DA:81,2
DA:82,2
DA:83,1
DA:85,2
DA:88,2
DA:92,1
LF:39
LH:39
BRDA:22,1,0,2
BRDA:22,1,1,0
BRDA:25,2,0,2
BRDA:25,2,1,0
BRDA:47,3,0,1
BRDA:47,3,1,1
BRDA:51,4,0,2
BRDA:51,4,1,0
BRDA:52,5,0,1
BRDA:52,5,1,1
BRDA:57,6,0,2
BRDA:57,6,1,0
BRDA:58,7,0,1
BRDA:58,7,1,1
BRDA:63,8,0,2
BRDA:63,8,1,0
BRDA:64,9,0,1
BRDA:64,9,1,1
BRDA:69,10,0,2
BRDA:69,10,1,0
BRDA:70,11,0,1
BRDA:70,11,1,1
BRDA:75,12,0,2
BRDA:75,12,1,0
BRDA:76,13,0,1
BRDA:76,13,1,1
BRDA:81,14,0,2
BRDA:81,14,1,0
BRDA:82,15,0,1
BRDA:82,15,1,1
BRF:30
BRH:22
end_of_record
TN:
SF:/Users/erz/test/preceptor-reporter/lib/reporter/tap.js
FN:20,(anonymous_1)
FN:38,(anonymous_2)
FN:85,(anonymous_3)
FN:102,(anonymous_4)
FN:134,(anonymous_5)
FN:145,(anonymous_6)
FNF:6
FNH:6
FNDA:1,(anonymous_1)
FNDA:2,(anonymous_2)
FNDA:36,(anonymous_3)
FNDA:30,(anonymous_4)
FNDA:40,(anonymous_5)
FNDA:38,(anonymous_6)
DA:4,1
DA:5,1
DA:12,1
DA:21,1
DA:23,1
DA:24,1
DA:26,1
DA:27,0
DA:39,2
DA:43,2
DA:45,2
DA:46,0
DA:48,2
DA:51,2
DA:52,2
DA:54,2
DA:55,2
DA:57,2
DA:58,2
DA:60,2
DA:61,2
DA:63,2
DA:64,2
DA:66,2
DA:67,2
DA:69,2
DA:70,2
DA:73,2
DA:86,36
DA:103,30
DA:105,30
DA:106,12
DA:108,18
DA:111,30
DA:113,30
DA:115,30
DA:116,6
DA:117,24
DA:118,4
DA:121,30
DA:136,40
DA:138,40
DA:139,30
DA:143,10
DA:145,10
DA:146,38
DA:152,1
LF:47
LH:45
BRDA:23,1,0,1
BRDA:23,1,1,0
BRDA:26,2,0,0
BRDA:26,2,1,1
BRDA:45,3,0,0
BRDA:45,3,1,2
BRDA:51,4,0,2
BRDA:51,4,1,0
BRDA:54,5,0,2
BRDA:54,5,1,0
BRDA:57,6,0,2
BRDA:57,6,1,0
BRDA:60,7,0,2
BRDA:60,7,1,0
BRDA:63,8,0,2
BRDA:63,8,1,0
BRDA:66,9,0,2
BRDA:66,9,1,0
BRDA:69,10,0,2
BRDA:69,10,1,0
BRDA:105,11,0,12
BRDA:105,11,1,18
BRDA:115,12,0,6
BRDA:115,12,1,24
BRDA:117,13,0,4
BRDA:117,13,1,20
BRDA:138,14,0,30
BRDA:138,14,1,10
BRDA:143,15,0,10
BRDA:143,15,1,0
BRF:30
BRH:19
end_of_record
TN:
SF:/Users/erz/test/preceptor-reporter/lib/reporter/teamCity.js
FN:22,(anonymous_1)
FN:26,(anonymous_2)
FN:47,(anonymous_3)
FN:58,(anonymous_4)
FN:72,(anonymous_5)
FN:86,(anonymous_6)
FN:104,(anonymous_7)
FN:120,(anonymous_8)
FN:135,(anonymous_9)
FN:152,(anonymous_10)
FN:168,(anonymous_11)
FNF:11
FNH:11
FNDA:1,(anonymous_1)
FNDA:49,(anonymous_2)
FNDA:4,(anonymous_3)
FNDA:4,(anonymous_4)
FNDA:15,(anonymous_5)
FNDA:2,(anonymous_6)
FNDA:2,(anonymous_7)
FNDA:4,(anonymous_8)
FNDA:2,(anonymous_9)
FNDA:3,(anonymous_10)
FNDA:2,(anonymous_11)
DA:4,1
DA:5,1
DA:14,1
DA:23,1
DA:25,1
DA:26,1
DA:27,49
DA:30,1
DA:31,1
DA:33,1
DA:34,1
DA:48,4
DA:49,4
DA:59,4
DA:60,4
DA:73,15
DA:74,15
DA:87,2
DA:89,2
DA:91,2
DA:92,2
DA:93,2
DA:105,2
DA:107,2
DA:109,2
DA:110,2
DA:111,2
DA:121,4
DA:123,4
DA:125,4
DA:126,4
DA:136,2
DA:138,2
DA:140,2
DA:141,2
DA:142,2
DA:153,3
DA:155,3
DA:157,3
DA:158,3
DA:159,3
DA:169,2
DA:171,2
DA:173,2
DA:174,2
DA:175,2
DA:179,1
LF:47
LH:47
BRDA:30,1,0,1
BRDA:30,1,1,0
BRDA:33,2,0,1
BRDA:33,2,1,0
BRF:4
BRH:2
end_of_record
TN:
SF:/Users/erz/test/preceptor-reporter/lib/messenger/teamCity.js
FN:23,(anonymous_1)
FN:42,(anonymous_2)
FN:45,(anonymous_3)
FN:60,(anonymous_4)
FN:71,(anonymous_5)
FN:83,(anonymous_6)
FN:95,(anonymous_7)
FN:110,(anonymous_8)
FN:126,(anonymous_9)
FNF:9
FNH:9
FNDA:99,(anonymous_1)
FNDA:56,(anonymous_2)
FNDA:99,(anonymous_3)
FNDA:5,(anonymous_4)
FNDA:5,(anonymous_5)
FNDA:16,(anonymous_6)
FNDA:16,(anonymous_7)
FNDA:8,(anonymous_8)
FNDA:6,(anonymous_9)
DA:4,1
DA:5,1
DA:12,1
DA:24,99
DA:43,56
DA:45,56
DA:46,99
DA:49,56
DA:61,5
DA:72,5
DA:84,16
DA:96,16
DA:111,8
DA:112,5
DA:114,3
DA:127,6
DA:131,1
LF:17
LH:17
BRDA:111,1,0,5
BRDA:111,1,1,3
BRDA:112,2,0,5
BRDA:112,2,1,0
BRDA:112,3,0,5
BRDA:112,3,1,0
BRDA:114,4,0,3
BRDA:114,4,1,0
BRDA:114,5,0,3
BRDA:114,5,1,0
BRDA:127,6,0,6
BRDA:127,6,1,0
BRF:12
BRH:7
end_of_record
TN:
SF:/Users/erz/test/preceptor-reporter/lib/listener/preceptor.js
FN:20,(anonymous_1)
FN:44,(anonymous_2)
FNF:2
FNH:2
FNDA:1,(anonymous_1)
FNDA:1,(anonymous_2)
DA:4,1
DA:11,1
DA:21,1
DA:46,1
DA:51,1
DA:53,45
DA:55,45
DA:56,44
DA:57,44
DA:60,44
DA:62,44
DA:64,43
DA:65,43
DA:67,43
DA:72,1
DA:76,1
LF:16
LH:16
BRDA:55,1,0,44
BRDA:55,1,1,1
BRDA:62,2,0,43
BRDA:62,2,1,1
BRF:4
BRH:4
end_of_record
TN:
SF:/Users/erz/test/preceptor-reporter/lib/listener/teamCity.js
FN:21,(anonymous_1)
FN:34,(anonymous_2)
FN:51,(anonymous_3)
FN:89,(anonymous_4)
FN:109,(anonymous_5)
FN:193,(anonymous_6)
FN:197,(anonymous_7)
FN:217,(anonymous_8)
FN:236,(anonymous_9)
FNF:9
FNH:9
FNDA:1,(anonymous_1)
FNDA:85,(anonymous_2)
FNDA:1,(anonymous_3)
FNDA:1,(anonymous_4)
FNDA:1,(anonymous_5)
FNDA:49,(anonymous_6)
FNDA:81,(anonymous_7)
FNDA:87,(anonymous_8)
FNDA:81,(anonymous_9)
DA:4,1
DA:5,1
DA:12,1
DA:22,1
DA:35,85
DA:52,1
DA:90,1
DA:111,1
DA:124,1
DA:126,50
DA:128,50
DA:129,49
DA:130,49
DA:133,49
DA:135,49
DA:137,49
DA:140,49
DA:141,4
DA:144,49
DA:146,49
DA:148,49
DA:149,19
DA:150,19
DA:151,19
DA:152,19
DA:153,19
DA:155,30
DA:157,15
DA:158,4
DA:159,4
DA:160,4
DA:161,4
DA:163,11
DA:166,15
DA:167,15
DA:168,15
DA:169,15
DA:172,0
DA:175,38
DA:180,1
DA:194,49
DA:197,49
DA:198,81
DA:199,81
DA:201,81
DA:204,49
DA:218,87
DA:220,87
DA:221,85
DA:223,2
DA:238,81
DA:239,0
DA:240,81
DA:241,0
DA:244,81
DA:245,15
DA:246,66
DA:247,0
DA:249,66
DA:254,1
LF:60
LH:56
BRDA:128,1,0,49
BRDA:128,1,1,1
BRDA:135,2,0,49
BRDA:135,2,1,0
BRDA:140,3,0,4
BRDA:140,3,1,45
BRDA:140,4,0,49
BRDA:140,4,1,6
BRDA:148,5,0,19
BRDA:148,5,1,30
BRDA:155,6,0,15
BRDA:155,6,1,15
BRDA:157,7,0,4
BRDA:157,7,1,11
BRDA:166,8,0,15
BRDA:166,8,1,0
BRDA:220,9,0,85
BRDA:220,9,1,2
BRDA:238,10,0,0
BRDA:238,10,1,81
BRDA:240,11,0,0
BRDA:240,11,1,81
BRDA:244,12,0,15
BRDA:244,12,1,66
BRDA:246,13,0,0
BRDA:246,13,1,66
BRF:26
BRH:21
end_of_record
